\BOOKMARK [1][-]{section.1}{Tema 1. Introducci\363n.}{}% 1
\BOOKMARK [2][-]{subsection.1.1}{\277Qu\351 es la IA?}{section.1}% 2
\BOOKMARK [3][-]{subsubsection.1.1.1}{Comportamiento humano. Test de Turing.}{subsection.1.1}% 3
\BOOKMARK [3][-]{subsubsection.1.1.2}{Pensar como un humano: modelo cognitivo.}{subsection.1.1}% 4
\BOOKMARK [3][-]{subsubsection.1.1.3}{Pensamiento racional: ''leyes del pensamiento''.}{subsection.1.1}% 5
\BOOKMARK [3][-]{subsubsection.1.1.4}{Actuar de forma racional: agente racional.}{subsection.1.1}% 6
\BOOKMARK [1][-]{section.2}{Tema 2. Agentes.}{}% 7
\BOOKMARK [2][-]{subsection.2.1}{Sistemas multiagente.}{section.2}% 8
\BOOKMARK [2][-]{subsection.2.2}{Arquitecturas de agentes.}{section.2}% 9
\BOOKMARK [3][-]{subsubsection.2.2.1}{Arquitecturas deliberativas.}{subsection.2.2}% 10
\BOOKMARK [3][-]{subsubsection.2.2.2}{Arquitecturas reactivas.}{subsection.2.2}% 11
\BOOKMARK [1][-]{section.3}{Tema 3. B\372squeda en espacios de estados.}{}% 12
\BOOKMARK [2][-]{subsection.3.1}{Dise\361o de un agente deliberativo.}{section.3}% 13
\BOOKMARK [2][-]{subsection.3.2}{La b\372squeda en un espacio de estados.}{section.3}% 14
\BOOKMARK [2][-]{subsection.3.3}{Descripci\363n de un problema.}{section.3}% 15
\BOOKMARK [2][-]{subsection.3.4}{Procedimiento de b\372squeda.}{section.3}% 16
\BOOKMARK [2][-]{subsection.3.5}{Estrategias de control.}{section.3}% 17
\BOOKMARK [3][-]{subsubsection.3.5.1}{Estrategias irrevocables.}{subsection.3.5}% 18
\BOOKMARK [3][-]{subsubsection.3.5.2}{Estategias tentativas.}{subsection.3.5}% 19
\BOOKMARK [2][-]{subsection.3.6}{Medidas del comportamiento de un sistema de b\372squeda.}{section.3}% 20
\BOOKMARK [2][-]{subsection.3.7}{B\372squeda sin informaci\363n.}{section.3}% 21
\BOOKMARK [3][-]{subsubsection.3.7.1}{B\372squeda en anchura.}{subsection.3.7}% 22
\BOOKMARK [3][-]{subsubsection.3.7.2}{B\372squeda en profundidad.}{subsection.3.7}% 23
\BOOKMARK [3][-]{subsubsection.3.7.3}{B\372squeda con costo uniforme.}{subsection.3.7}% 24
\BOOKMARK [3][-]{subsubsection.3.7.4}{Descenso iterativo.}{subsection.3.7}% 25
\BOOKMARK [3][-]{subsubsection.3.7.5}{B\372squeda bidireccional.}{subsection.3.7}% 26
