This is pdfTeX, Version 3.14159265-2.6-1.40.18 (TeX Live 2017/Debian) (preloaded format=pdflatex 2018.2.26)  25 APR 2018 15:36
entering extended mode
 \write18 enabled.
 %&-line parsing enabled.
**ResumenTemario.tex
(./ResumenTemario.tex
LaTeX2e <2017-04-15>
Babel <3.12> and hyphenation patterns for 8 language(s) loaded.
(/usr/share/texlive/texmf-dist/tex/latex/base/article.cls
Document Class: article 2014/09/29 v1.4h Standard LaTeX document class
(/usr/share/texlive/texmf-dist/tex/latex/base/size12.clo
File: size12.clo 2014/09/29 v1.4h Standard LaTeX file (size option)
)
\c@part=\count79
\c@section=\count80
\c@subsection=\count81
\c@subsubsection=\count82
\c@paragraph=\count83
\c@subparagraph=\count84
\c@figure=\count85
\c@table=\count86
\abovecaptionskip=\skip41
\belowcaptionskip=\skip42
\bibindent=\dimen102
)
(/usr/share/texlive/texmf-dist/tex/generic/babel/babel.sty
Package: babel 2017/06/29 3.12 The Babel package

(/usr/share/texlive/texmf-dist/tex/generic/babel/switch.def
File: switch.def 2017/06/29 3.12 Babel switching mechanism
)
(/usr/share/texlive/texmf-dist/tex/generic/babel-spanish/spanish.ldf
Language: spanish.ldf 2016/03/03 v5.0p Spanish support from the babel system

(/usr/share/texlive/texmf-dist/tex/generic/babel/babel.def
File: babel.def 2017/06/29 3.12 Babel common definitions

(/usr/share/texlive/texmf-dist/tex/generic/babel/switch.def
File: switch.def 2017/06/29 3.12 Babel switching mechanism
)
\babel@savecnt=\count87
\U@D=\dimen103
)
\es@quottoks=\toks14
\es@quotdepth=\count88
Package babel Info: Making " an active character on input line 561.
Package babel Info: Making . an active character on input line 662.
Package babel Info: Making < an active character on input line 707.
Package babel Info: Making > an active character on input line 707.
))
(/usr/share/texlive/texmf-dist/tex/latex/graphics/graphicx.sty
Package: graphicx 2017/06/01 v1.1a Enhanced LaTeX Graphics (DPC,SPQR)

(/usr/share/texlive/texmf-dist/tex/latex/graphics/keyval.sty
Package: keyval 2014/10/28 v1.15 key=value parser (DPC)
\KV@toks@=\toks15
)
(/usr/share/texlive/texmf-dist/tex/latex/graphics/graphics.sty
Package: graphics 2017/06/25 v1.2c Standard LaTeX Graphics (DPC,SPQR)

(/usr/share/texlive/texmf-dist/tex/latex/graphics/trig.sty
Package: trig 2016/01/03 v1.10 sin cos tan (DPC)
)
(/usr/share/texlive/texmf-dist/tex/latex/graphics-cfg/graphics.cfg
File: graphics.cfg 2016/06/04 v1.11 sample graphics configuration
)
Package graphics Info: Driver file: pdftex.def on input line 99.

(/usr/share/texlive/texmf-dist/tex/latex/graphics-def/pdftex.def
File: pdftex.def 2017/06/24 v1.0g Graphics/color driver for pdftex
))
\Gin@req@height=\dimen104
\Gin@req@width=\dimen105
)
(/usr/share/texlive/texmf-dist/tex/latex/graphics/color.sty
Package: color 2016/07/10 v1.1e Standard LaTeX Color (DPC)

(/usr/share/texlive/texmf-dist/tex/latex/graphics-cfg/color.cfg
File: color.cfg 2016/01/02 v1.6 sample color configuration
)
Package color Info: Driver file: pdftex.def on input line 147.
)
(/usr/share/texlive/texmf-dist/tex/latex/xcolor/xcolor.sty
Package: xcolor 2016/05/11 v2.12 LaTeX color extensions (UK)

(/usr/share/texlive/texmf-dist/tex/latex/graphics-cfg/color.cfg
File: color.cfg 2016/01/02 v1.6 sample color configuration
)
Package xcolor Info: Driver file: pdftex.def on input line 225.
LaTeX Info: Redefining \color on input line 709.
Package xcolor Info: Model `cmy' substituted by `cmy0' on input line 1348.
Package xcolor Info: Model `hsb' substituted by `rgb' on input line 1352.
Package xcolor Info: Model `RGB' extended on input line 1364.
Package xcolor Info: Model `HTML' substituted by `rgb' on input line 1366.
Package xcolor Info: Model `Hsb' substituted by `hsb' on input line 1367.
Package xcolor Info: Model `tHsb' substituted by `hsb' on input line 1368.
Package xcolor Info: Model `HSB' substituted by `hsb' on input line 1369.
Package xcolor Info: Model `Gray' substituted by `gray' on input line 1370.
Package xcolor Info: Model `wave' substituted by `hsb' on input line 1371.
)
(/usr/share/texlive/texmf-dist/tex/latex/colortbl/colortbl.sty
Package: colortbl 2012/02/13 v1.0a Color table columns (DPC)

(/usr/share/texlive/texmf-dist/tex/latex/tools/array.sty
Package: array 2016/10/06 v2.4d Tabular extension package (FMi)
\col@sep=\dimen106
\extrarowheight=\dimen107
\NC@list=\toks16
\extratabsurround=\skip43
\backup@length=\skip44
)
\everycr=\toks17
\minrowclearance=\skip45
)
(/usr/share/texlive/texmf-dist/tex/latex/amscls/amsthm.sty
Package: amsthm 2015/03/04 v2.20.2
\thm@style=\toks18
\thm@bodyfont=\toks19
\thm@headfont=\toks20
\thm@notefont=\toks21
\thm@headpunct=\toks22
\thm@preskip=\skip46
\thm@postskip=\skip47
\thm@headsep=\skip48
\dth@everypar=\toks23
)
(/usr/share/texlive/texmf-dist/tex/latex/thmtools/thmtools.sty
Package: thmtools 2014/04/21 v66
\thmt@toks=\toks24
\c@thmt@dummyctr=\count89

(/usr/share/texlive/texmf-dist/tex/latex/thmtools/thm-patch.sty
Package: thm-patch 2014/04/21 v66

(/usr/share/texlive/texmf-dist/tex/latex/thmtools/parseargs.sty
Package: parseargs 2014/04/21 v66
\@parsespec=\toks25
))
(/usr/share/texlive/texmf-dist/tex/latex/thmtools/thm-kv.sty
Package: thm-kv 2014/04/21 v66
Package thm-kv Info: Theorem names will be uppercased on input line 40.

(/usr/share/texlive/texmf-dist/tex/generic/oberdiek/kvsetkeys.sty
Package: kvsetkeys 2016/05/16 v1.17 Key value parser (HO)

(/usr/share/texlive/texmf-dist/tex/generic/oberdiek/infwarerr.sty
Package: infwarerr 2016/05/16 v1.4 Providing info/warning/error messages (HO)
)
(/usr/share/texlive/texmf-dist/tex/generic/oberdiek/etexcmds.sty
Package: etexcmds 2016/05/16 v1.6 Avoid name clashes with e-TeX commands (HO)

(/usr/share/texlive/texmf-dist/tex/generic/oberdiek/ifluatex.sty
Package: ifluatex 2016/05/16 v1.4 Provides the ifluatex switch (HO)
Package ifluatex Info: LuaTeX not detected.
)
Package etexcmds Info: Could not find \expanded.
(etexcmds)             That can mean that you are not using pdfTeX 1.50 or
(etexcmds)             that some package has redefined \expanded.
(etexcmds)             In the latter case, load this package earlier.
))
Package thm-kv Info: kvsetkeys patch (v1.16 or later) on input line 156.
)
(/usr/share/texlive/texmf-dist/tex/latex/thmtools/thm-autoref.sty
Package: thm-autoref 2014/04/21 v66

(/usr/share/texlive/texmf-dist/tex/latex/thmtools/aliasctr.sty
Package: aliasctr 2014/04/21 v66

(/usr/share/texlive/texmf-dist/tex/latex/carlisle/remreset.sty)))
(/usr/share/texlive/texmf-dist/tex/latex/thmtools/thm-listof.sty
Package: thm-listof 2014/04/21 v66
)
(/usr/share/texlive/texmf-dist/tex/latex/thmtools/thm-restate.sty
Package: thm-restate 2014/04/21 v66
)
(/usr/share/texlive/texmf-dist/tex/latex/thmtools/thm-amsthm.sty
Package: thm-amsthm 2014/04/21 v66
\thmt@style@headstyle=\toks26
))
(/usr/share/texlive/texmf-dist/tex/latex/multirow/multirow.sty
Package: multirow 2016/11/25 v2.2 Span multiple rows of a table
\multirow@colwidth=\skip49
\multirow@cntb=\count90
\multirow@dima=\skip50
\bigstrutjot=\dimen108
)
(/usr/share/texlive/texmf-dist/tex/latex/amsmath/amsmath.sty
Package: amsmath 2016/11/05 v2.16a AMS math features
\@mathmargin=\skip51

For additional information on amsmath, use the `?' option.
(/usr/share/texlive/texmf-dist/tex/latex/amsmath/amstext.sty
Package: amstext 2000/06/29 v2.01 AMS text

(/usr/share/texlive/texmf-dist/tex/latex/amsmath/amsgen.sty
File: amsgen.sty 1999/11/30 v2.0 generic functions
\@emptytoks=\toks27
\ex@=\dimen109
))
(/usr/share/texlive/texmf-dist/tex/latex/amsmath/amsbsy.sty
Package: amsbsy 1999/11/29 v1.2d Bold Symbols
\pmbraise@=\dimen110
)
(/usr/share/texlive/texmf-dist/tex/latex/amsmath/amsopn.sty
Package: amsopn 2016/03/08 v2.02 operator names
)
\inf@bad=\count91
LaTeX Info: Redefining \frac on input line 213.
\uproot@=\count92
\leftroot@=\count93
LaTeX Info: Redefining \overline on input line 375.
\classnum@=\count94
\DOTSCASE@=\count95
LaTeX Info: Redefining \ldots on input line 472.
LaTeX Info: Redefining \dots on input line 475.
LaTeX Info: Redefining \cdots on input line 596.
\Mathstrutbox@=\box26
\strutbox@=\box27
\big@size=\dimen111
LaTeX Font Info:    Redeclaring font encoding OML on input line 712.
LaTeX Font Info:    Redeclaring font encoding OMS on input line 713.
\macc@depth=\count96
\c@MaxMatrixCols=\count97
\dotsspace@=\muskip10
\c@parentequation=\count98
\dspbrk@lvl=\count99
\tag@help=\toks28
\row@=\count100
\column@=\count101
\maxfields@=\count102
\andhelp@=\toks29
\eqnshift@=\dimen112
\alignsep@=\dimen113
\tagshift@=\dimen114
\tagwidth@=\dimen115
\totwidth@=\dimen116
\lineht@=\dimen117
\@envbody=\toks30
\multlinegap=\skip52
\multlinetaggap=\skip53
\mathdisplay@stack=\toks31
LaTeX Info: Redefining \[ on input line 2817.
LaTeX Info: Redefining \] on input line 2818.
)
(/usr/share/texlive/texmf-dist/tex/latex/caption/subcaption.sty
Package: subcaption 2016/05/22 v1.1-161 Sub-captions (AR)

(/usr/share/texlive/texmf-dist/tex/latex/caption/caption.sty
Package: caption 2016/02/21 v3.3-144 Customizing captions (AR)

(/usr/share/texlive/texmf-dist/tex/latex/caption/caption3.sty
Package: caption3 2016/05/22 v1.7-166 caption3 kernel (AR)
Package caption3 Info: TeX engine: e-TeX on input line 67.
\captionmargin=\dimen118
\captionmargin@=\dimen119
\captionwidth=\dimen120
\caption@tempdima=\dimen121
\caption@indent=\dimen122
\caption@parindent=\dimen123
\caption@hangindent=\dimen124
)
\c@ContinuedFloat=\count103
)
\c@subfigure=\count104
\c@subtable=\count105
)
(/usr/share/texlive/texmf-dist/tex/latex/adjustbox/adjustbox.sty
Package: adjustbox 2012/05/21 v1.0 Adjusting TeX boxes (trim, clip, ...)

(/usr/share/texlive/texmf-dist/tex/latex/xkeyval/xkeyval.sty
Package: xkeyval 2014/12/03 v2.7a package option processing (HA)

(/usr/share/texlive/texmf-dist/tex/generic/xkeyval/xkeyval.tex
(/usr/share/texlive/texmf-dist/tex/generic/xkeyval/xkvutils.tex
\XKV@toks=\toks32
\XKV@tempa@toks=\toks33
)
\XKV@depth=\count106
File: xkeyval.tex 2014/12/03 v2.7a key=value parser (HA)
))
(/usr/share/texlive/texmf-dist/tex/latex/adjustbox/adjcalc.sty
Package: adjcalc 2012/05/16 v1.1 Provides advanced setlength with multiple back
-ends (calc, etex, pgfmath)
)
(/usr/share/texlive/texmf-dist/tex/latex/adjustbox/trimclip.sty
Package: trimclip 2012/05/16 v1.0 Trim and clip general TeX material

(/usr/share/texlive/texmf-dist/tex/latex/collectbox/collectbox.sty
Package: collectbox 2012/05/17 v0.4b Collect macro arguments as boxes
\collectedbox=\box28
)
\tc@llx=\dimen125
\tc@lly=\dimen126
\tc@urx=\dimen127
\tc@ury=\dimen128
Package trimclip Info: Using driver 'tc-pdftex.def'.

(/usr/share/texlive/texmf-dist/tex/latex/adjustbox/tc-pdftex.def
File: tc-pdftex.def 2012/05/13 v1.0 Clipping driver for pdftex
))
\adjbox@Width=\dimen129
\adjbox@Height=\dimen130
\adjbox@Depth=\dimen131
\adjbox@Totalheight=\dimen132

(/usr/share/texlive/texmf-dist/tex/latex/ifoddpage/ifoddpage.sty
Package: ifoddpage 2016/04/23 v1.1 Conditionals for odd/even page detection
\c@checkoddpage=\count107
)
(/usr/share/texlive/texmf-dist/tex/latex/varwidth/varwidth.sty
Package: varwidth 2009/03/30 ver 0.92;  Variable-width minipages
\@vwid@box=\box29
\sift@deathcycles=\count108
\@vwid@loff=\dimen133
\@vwid@roff=\dimen134
))
(/usr/share/texlive/texmf-dist/tex/latex/hyperref/hyperref.sty
Package: hyperref 2017/03/14 v6.85a Hypertext links for LaTeX

(/usr/share/texlive/texmf-dist/tex/generic/oberdiek/hobsub-hyperref.sty
Package: hobsub-hyperref 2016/05/16 v1.14 Bundle oberdiek, subset hyperref (HO)


(/usr/share/texlive/texmf-dist/tex/generic/oberdiek/hobsub-generic.sty
Package: hobsub-generic 2016/05/16 v1.14 Bundle oberdiek, subset generic (HO)
Package: hobsub 2016/05/16 v1.14 Construct package bundles (HO)
Package hobsub Info: Skipping package `infwarerr' (already loaded).
Package: ltxcmds 2016/05/16 v1.23 LaTeX kernel commands for general use (HO)
Package hobsub Info: Skipping package `ifluatex' (already loaded).
Package: ifvtex 2016/05/16 v1.6 Detect VTeX and its facilities (HO)
Package ifvtex Info: VTeX not detected.
Package: intcalc 2016/05/16 v1.2 Expandable calculations with integers (HO)
Package: ifpdf 2017/03/15 v3.2 Provides the ifpdf switch
Package hobsub Info: Skipping package `etexcmds' (already loaded).
Package hobsub Info: Skipping package `kvsetkeys' (already loaded).
Package: kvdefinekeys 2016/05/16 v1.4 Define keys (HO)
Package: pdftexcmds 2017/03/19 v0.25 Utility functions of pdfTeX for LuaTeX (HO
)
Package pdftexcmds Info: LuaTeX not detected.
Package pdftexcmds Info: \pdf@primitive is available.
Package pdftexcmds Info: \pdf@ifprimitive is available.
Package pdftexcmds Info: \pdfdraftmode found.
Package: pdfescape 2016/05/16 v1.14 Implements pdfTeX's escape features (HO)
Package: bigintcalc 2016/05/16 v1.4 Expandable calculations on big integers (HO
)
Package: bitset 2016/05/16 v1.2 Handle bit-vector datatype (HO)
Package: uniquecounter 2016/05/16 v1.3 Provide unlimited unique counter (HO)
)
Package hobsub Info: Skipping package `hobsub' (already loaded).
Package: letltxmacro 2016/05/16 v1.5 Let assignment for LaTeX macros (HO)
Package: hopatch 2016/05/16 v1.3 Wrapper for package hooks (HO)
Package: xcolor-patch 2016/05/16 xcolor patch
Package: atveryend 2016/05/16 v1.9 Hooks at the very end of document (HO)
Package atveryend Info: \enddocument detected (standard20110627).
Package: atbegshi 2016/06/09 v1.18 At begin shipout hook (HO)
Package: refcount 2016/05/16 v3.5 Data extraction from label references (HO)
Package: hycolor 2016/05/16 v1.8 Color options for hyperref/bookmark (HO)
)
(/usr/share/texlive/texmf-dist/tex/generic/ifxetex/ifxetex.sty
Package: ifxetex 2010/09/12 v0.6 Provides ifxetex conditional
)
(/usr/share/texlive/texmf-dist/tex/latex/oberdiek/auxhook.sty
Package: auxhook 2016/05/16 v1.4 Hooks for auxiliary files (HO)
)
(/usr/share/texlive/texmf-dist/tex/latex/oberdiek/kvoptions.sty
Package: kvoptions 2016/05/16 v3.12 Key value format for package options (HO)
)
\@linkdim=\dimen135
\Hy@linkcounter=\count109
\Hy@pagecounter=\count110

(/usr/share/texlive/texmf-dist/tex/latex/hyperref/pd1enc.def
File: pd1enc.def 2017/03/14 v6.85a Hyperref: PDFDocEncoding definition (HO)
)
\Hy@SavedSpaceFactor=\count111

(/usr/share/texlive/texmf-dist/tex/latex/latexconfig/hyperref.cfg
File: hyperref.cfg 2002/06/06 v1.2 hyperref configuration of TeXLive
)
Package hyperref Info: Hyper figures OFF on input line 4498.
Package hyperref Info: Link nesting OFF on input line 4503.
Package hyperref Info: Hyper index ON on input line 4506.
Package hyperref Info: Plain pages OFF on input line 4513.
Package hyperref Info: Backreferencing OFF on input line 4518.
Package hyperref Info: Implicit mode ON; LaTeX internals redefined.
Package hyperref Info: Bookmarks ON on input line 4751.
\c@Hy@tempcnt=\count112

(/usr/share/texlive/texmf-dist/tex/latex/url/url.sty
\Urlmuskip=\muskip11
Package: url 2013/09/16  ver 3.4  Verb mode for urls, etc.
)
LaTeX Info: Redefining \url on input line 5104.
\XeTeXLinkMargin=\dimen136
\Fld@menulength=\count113
\Field@Width=\dimen137
\Fld@charsize=\dimen138
Package hyperref Info: Hyper figures OFF on input line 6358.
Package hyperref Info: Link nesting OFF on input line 6363.
Package hyperref Info: Hyper index ON on input line 6366.
Package hyperref Info: backreferencing OFF on input line 6373.
Package hyperref Info: Link coloring OFF on input line 6378.
Package hyperref Info: Link coloring with OCG OFF on input line 6383.
Package hyperref Info: PDF/A mode OFF on input line 6388.
LaTeX Info: Redefining \ref on input line 6428.
LaTeX Info: Redefining \pageref on input line 6432.
\Hy@abspage=\count114
\c@Item=\count115
\c@Hfootnote=\count116
)

Package hyperref Message: Driver (autodetected): hpdftex.

(/usr/share/texlive/texmf-dist/tex/latex/hyperref/hpdftex.def
File: hpdftex.def 2017/03/14 v6.85a Hyperref driver for pdfTeX
\Fld@listcount=\count117
\c@bookmark@seq@number=\count118

(/usr/share/texlive/texmf-dist/tex/latex/oberdiek/rerunfilecheck.sty
Package: rerunfilecheck 2016/05/16 v1.8 Rerun checks for auxiliary files (HO)
Package uniquecounter Info: New unique counter `rerunfilecheck' on input line 2
82.
)
\Hy@SectionHShift=\skip54
)
(/usr/share/texlive/texmf-dist/tex/latex/tools/multicol.sty
Package: multicol 2017/04/11 v1.8q multicolumn formatting (FMi)
\c@tracingmulticols=\count119
\mult@box=\box30
\multicol@leftmargin=\dimen139
\c@unbalance=\count120
\c@collectmore=\count121
\doublecol@number=\count122
\multicoltolerance=\count123
\multicolpretolerance=\count124
\full@width=\dimen140
\page@free=\dimen141
\premulticols=\dimen142
\postmulticols=\dimen143
\multicolsep=\skip55
\multicolbaselineskip=\skip56
\partial@page=\box31
\last@line=\box32
\maxbalancingoverflow=\dimen144
\mult@rightbox=\box33
\mult@grightbox=\box34
\mult@gfirstbox=\box35
\mult@firstbox=\box36
\@tempa=\box37
\@tempa=\box38
\@tempa=\box39
\@tempa=\box40
\@tempa=\box41
\@tempa=\box42
\@tempa=\box43
\@tempa=\box44
\@tempa=\box45
\@tempa=\box46
\@tempa=\box47
\@tempa=\box48
\@tempa=\box49
\@tempa=\box50
\@tempa=\box51
\@tempa=\box52
\@tempa=\box53
\c@columnbadness=\count125
\c@finalcolumnbadness=\count126
\last@try=\dimen145
\multicolovershoot=\dimen146
\multicolundershoot=\dimen147
\mult@nat@firstbox=\box54
\colbreak@box=\box55
\mc@col@check@num=\count127
)
(/usr/share/texlive/texmf-dist/tex/latex/minted/minted.sty
Package: minted 2017/07/19 v2.5 Yet another Pygments shim for LaTeX

(/usr/share/texlive/texmf-dist/tex/latex/fvextra/fvextra.sty
Package: fvextra 2017/07/08 v1.3.1 fvextra - extensions and patches for fancyvr
b

(/usr/share/texlive/texmf-dist/tex/latex/base/ifthen.sty
Package: ifthen 2014/09/29 v1.1c Standard LaTeX ifthen package (DPC)
)
(/usr/share/texlive/texmf-dist/tex/latex/etoolbox/etoolbox.sty
Package: etoolbox 2017/01/02 v2.4 e-TeX tools for LaTeX (JAW)
\etb@tempcnta=\count128
)
(/usr/share/texlive/texmf-dist/tex/latex/fancyvrb/fancyvrb.sty
Package: fancyvrb 2008/02/07

Style option: `fancyvrb' v2.7a, with DG/SPQR fixes, and firstline=lastline fix 
<2008/02/07> (tvz)
\FV@CodeLineNo=\count129
\FV@InFile=\read1
\FV@TabBox=\box56
\c@FancyVerbLine=\count130
\FV@StepNumber=\count131
\FV@OutFile=\write3
)
(/usr/share/texlive/texmf-dist/tex/latex/upquote/upquote.sty
Package: upquote 2012/04/19 v1.3 upright-quote and grave-accent glyphs in verba
tim
)
(/usr/share/texlive/texmf-dist/tex/latex/lineno/lineno.sty
Package: lineno 2005/11/02 line numbers on paragraphs v4.41
\linenopenalty=\count132
\output=\toks34
\linenoprevgraf=\count133
\linenumbersep=\dimen148
\linenumberwidth=\dimen149
\c@linenumber=\count134
\c@pagewiselinenumber=\count135
\c@LN@truepage=\count136
\c@internallinenumber=\count137
\c@internallinenumbers=\count138
\quotelinenumbersep=\dimen150
\bframerule=\dimen151
\bframesep=\dimen152
\bframebox=\box57
LaTeX Info: Redefining \\ on input line 3056.
)
\c@FV@TrueTabGroupLevel=\count139
\c@FV@TrueTabCounter=\count140
\FV@TabBox@Group=\box58
\FV@TmpLength=\skip57
\c@FV@HighlightLinesStart=\count141
\c@FV@HighlightLinesStop=\count142
\FV@LoopCount=\count143
\FV@NCharsBox=\box59
\FV@BreakIndent=\dimen153
\FV@BreakIndentNChars=\count144
\FV@BreakSymbolSepLeft=\dimen154
\FV@BreakSymbolSepLeftNChars=\count145
\FV@BreakSymbolSepRight=\dimen155
\FV@BreakSymbolSepRightNChars=\count146
\FV@BreakSymbolIndentLeft=\dimen156
\FV@BreakSymbolIndentLeftNChars=\count147
\FV@BreakSymbolIndentRight=\dimen157
\FV@BreakSymbolIndentRightNChars=\count148
\c@FancyVerbLineBreakLast=\count149
\FV@LineBox=\box60
\FV@LineIndentBox=\box61
)
(/usr/share/texlive/texmf-dist/tex/latex/tools/calc.sty
Package: calc 2014/10/28 v4.3 Infix arithmetic (KKT,FJ)
\calc@Acount=\count150
\calc@Bcount=\count151
\calc@Adimen=\dimen158
\calc@Bdimen=\dimen159
\calc@Askip=\skip58
\calc@Bskip=\skip59
LaTeX Info: Redefining \setlength on input line 80.
LaTeX Info: Redefining \addtolength on input line 81.
\calc@Ccount=\count152
\calc@Cskip=\skip60
)
(/usr/share/texlive/texmf-dist/tex/latex/tools/shellesc.sty
Package: shellesc 2016/06/07 v0.02a unified shell escape interface for LaTeX
Package shellesc Info: Unrestricted shell escape enabled on input line 67.
)
(/usr/share/texlive/texmf-dist/tex/latex/ifplatform/ifplatform.sty
Package: ifplatform 2010/10/22 v0.4 Testing for the operating system

(/usr/share/texlive/texmf-dist/tex/generic/oberdiek/catchfile.sty
Package: catchfile 2016/05/16 v1.7 Catch the contents of a file (HO)
)
runsystem(uname -s > "ResumenTemario.w18")...executed.


(./ResumenTemario.w18)
runsystem(rm -- "ResumenTemario.w18")...executed.

)
(/usr/share/texlive/texmf-dist/tex/generic/xstring/xstring.sty
(/usr/share/texlive/texmf-dist/tex/generic/xstring/xstring.tex
\@xs@message=\write4
\integerpart=\count153
\decimalpart=\count154
)
Package: xstring 2013/10/13  v1.7c  String manipulations (C Tellechea)
)
(/usr/share/texlive/texmf-dist/tex/latex/framed/framed.sty
Package: framed 2011/10/22 v 0.96: framed or shaded text with page breaks
\OuterFrameSep=\skip61
\fb@frw=\dimen160
\fb@frh=\dimen161
\FrameRule=\dimen162
\FrameSep=\dimen163
)
(/usr/share/texlive/texmf-dist/tex/latex/float/float.sty
Package: float 2001/11/08 v1.3d Float enhancements (AL)
\c@float@type=\count155
\float@exts=\toks35
\float@box=\box62
\@float@everytoks=\toks36
\@floatcapt=\box63
)
\minted@appexistsfile=\read2
\minted@bgbox=\box64
\minted@code=\write5
\c@minted@FancyVerbLineTemp=\count156
\c@minted@pygmentizecounter=\count157
\@float@every@listing=\toks37
\c@listing=\count158
)
runsystem(mkdir -p build/_minted-ResumenTemario)...executed.


(/usr/share/texlive/texmf-dist/tex/latex/amsfonts/amsfonts.sty
Package: amsfonts 2013/01/14 v3.01 Basic AMSFonts support
\symAMSa=\mathgroup4
\symAMSb=\mathgroup5
LaTeX Font Info:    Overwriting math alphabet `\mathfrak' in version `bold'
(Font)                  U/euf/m/n --> U/euf/b/n on input line 106.
)
(/usr/share/texlive/texmf-dist/tex/latex/titling/titling.sty
Package: titling 2009/09/04 v2.1d maketitle typesetting
\thanksmarkwidth=\skip62
\thanksmargin=\skip63
\droptitle=\skip64
)
(/usr/share/texlive/texmf-dist/tex/latex/soul/soul.sty
Package: soul 2003/11/17 v2.4 letterspacing/underlining (mf)
\SOUL@word=\toks38
\SOUL@lasttoken=\toks39
\SOUL@cmds=\toks40
\SOUL@buffer=\toks41
\SOUL@token=\toks42
\SOUL@spaceskip=\skip65
\SOUL@ttwidth=\dimen164
\SOUL@uldp=\dimen165
\SOUL@ulht=\dimen166
)
(/usr/share/texlive/texmf-dist/tex/latex/listings/listings.sty
\lst@mode=\count159
\lst@gtempboxa=\box65
\lst@token=\toks43
\lst@length=\count160
\lst@currlwidth=\dimen167
\lst@column=\count161
\lst@pos=\count162
\lst@lostspace=\dimen168
\lst@width=\dimen169
\lst@newlines=\count163
\lst@lineno=\count164
\lst@maxwidth=\dimen170

(/usr/share/texlive/texmf-dist/tex/latex/listings/lstmisc.sty
File: lstmisc.sty 2015/06/04 1.6 (Carsten Heinz)
\c@lstnumber=\count165
\lst@skipnumbers=\count166
\lst@framebox=\box66
)
(/usr/share/texlive/texmf-dist/tex/latex/listings/listings.cfg
File: listings.cfg 2015/06/04 1.6 listings configuration
))
Package: listings 2015/06/04 1.6 (Carsten Heinz)
LaTeX Info: Redefining \. on input line 25.
LaTeX Info: Redefining \% on input line 25.

(/usr/share/texlive/texmf-dist/tex/latex/base/inputenc.sty
Package: inputenc 2015/03/17 v1.2c Input encoding file
\inpenc@prehook=\toks44
\inpenc@posthook=\toks45

(/usr/share/texlive/texmf-dist/tex/latex/base/utf8.def
File: utf8.def 2017/01/28 v1.1t UTF-8 support for inputenc
Now handling font encoding OML ...
... no UTF-8 mapping file for font encoding OML
Now handling font encoding T1 ...
... processing UTF-8 mapping file for font encoding T1

(/usr/share/texlive/texmf-dist/tex/latex/base/t1enc.dfu
File: t1enc.dfu 2017/01/28 v1.1t UTF-8 support for inputenc
   defining Unicode char U+00A0 (decimal 160)
   defining Unicode char U+00A1 (decimal 161)
   defining Unicode char U+00A3 (decimal 163)
   defining Unicode char U+00AB (decimal 171)
   defining Unicode char U+00AD (decimal 173)
   defining Unicode char U+00BB (decimal 187)
   defining Unicode char U+00BF (decimal 191)
   defining Unicode char U+00C0 (decimal 192)
   defining Unicode char U+00C1 (decimal 193)
   defining Unicode char U+00C2 (decimal 194)
   defining Unicode char U+00C3 (decimal 195)
   defining Unicode char U+00C4 (decimal 196)
   defining Unicode char U+00C5 (decimal 197)
   defining Unicode char U+00C6 (decimal 198)
   defining Unicode char U+00C7 (decimal 199)
   defining Unicode char U+00C8 (decimal 200)
   defining Unicode char U+00C9 (decimal 201)
   defining Unicode char U+00CA (decimal 202)
   defining Unicode char U+00CB (decimal 203)
   defining Unicode char U+00CC (decimal 204)
   defining Unicode char U+00CD (decimal 205)
   defining Unicode char U+00CE (decimal 206)
   defining Unicode char U+00CF (decimal 207)
   defining Unicode char U+00D0 (decimal 208)
   defining Unicode char U+00D1 (decimal 209)
   defining Unicode char U+00D2 (decimal 210)
   defining Unicode char U+00D3 (decimal 211)
   defining Unicode char U+00D4 (decimal 212)
   defining Unicode char U+00D5 (decimal 213)
   defining Unicode char U+00D6 (decimal 214)
   defining Unicode char U+00D8 (decimal 216)
   defining Unicode char U+00D9 (decimal 217)
   defining Unicode char U+00DA (decimal 218)
   defining Unicode char U+00DB (decimal 219)
   defining Unicode char U+00DC (decimal 220)
   defining Unicode char U+00DD (decimal 221)
   defining Unicode char U+00DE (decimal 222)
   defining Unicode char U+00DF (decimal 223)
   defining Unicode char U+00E0 (decimal 224)
   defining Unicode char U+00E1 (decimal 225)
   defining Unicode char U+00E2 (decimal 226)
   defining Unicode char U+00E3 (decimal 227)
   defining Unicode char U+00E4 (decimal 228)
   defining Unicode char U+00E5 (decimal 229)
   defining Unicode char U+00E6 (decimal 230)
   defining Unicode char U+00E7 (decimal 231)
   defining Unicode char U+00E8 (decimal 232)
   defining Unicode char U+00E9 (decimal 233)
   defining Unicode char U+00EA (decimal 234)
   defining Unicode char U+00EB (decimal 235)
   defining Unicode char U+00EC (decimal 236)
   defining Unicode char U+00ED (decimal 237)
   defining Unicode char U+00EE (decimal 238)
   defining Unicode char U+00EF (decimal 239)
   defining Unicode char U+00F0 (decimal 240)
   defining Unicode char U+00F1 (decimal 241)
   defining Unicode char U+00F2 (decimal 242)
   defining Unicode char U+00F3 (decimal 243)
   defining Unicode char U+00F4 (decimal 244)
   defining Unicode char U+00F5 (decimal 245)
   defining Unicode char U+00F6 (decimal 246)
   defining Unicode char U+00F8 (decimal 248)
   defining Unicode char U+00F9 (decimal 249)
   defining Unicode char U+00FA (decimal 250)
   defining Unicode char U+00FB (decimal 251)
   defining Unicode char U+00FC (decimal 252)
   defining Unicode char U+00FD (decimal 253)
   defining Unicode char U+00FE (decimal 254)
   defining Unicode char U+00FF (decimal 255)
   defining Unicode char U+0100 (decimal 256)
   defining Unicode char U+0101 (decimal 257)
   defining Unicode char U+0102 (decimal 258)
   defining Unicode char U+0103 (decimal 259)
   defining Unicode char U+0104 (decimal 260)
   defining Unicode char U+0105 (decimal 261)
   defining Unicode char U+0106 (decimal 262)
   defining Unicode char U+0107 (decimal 263)
   defining Unicode char U+0108 (decimal 264)
   defining Unicode char U+0109 (decimal 265)
   defining Unicode char U+010A (decimal 266)
   defining Unicode char U+010B (decimal 267)
   defining Unicode char U+010C (decimal 268)
   defining Unicode char U+010D (decimal 269)
   defining Unicode char U+010E (decimal 270)
   defining Unicode char U+010F (decimal 271)
   defining Unicode char U+0110 (decimal 272)
   defining Unicode char U+0111 (decimal 273)
   defining Unicode char U+0112 (decimal 274)
   defining Unicode char U+0113 (decimal 275)
   defining Unicode char U+0114 (decimal 276)
   defining Unicode char U+0115 (decimal 277)
   defining Unicode char U+0116 (decimal 278)
   defining Unicode char U+0117 (decimal 279)
   defining Unicode char U+0118 (decimal 280)
   defining Unicode char U+0119 (decimal 281)
   defining Unicode char U+011A (decimal 282)
   defining Unicode char U+011B (decimal 283)
   defining Unicode char U+011C (decimal 284)
   defining Unicode char U+011D (decimal 285)
   defining Unicode char U+011E (decimal 286)
   defining Unicode char U+011F (decimal 287)
   defining Unicode char U+0120 (decimal 288)
   defining Unicode char U+0121 (decimal 289)
   defining Unicode char U+0122 (decimal 290)
   defining Unicode char U+0123 (decimal 291)
   defining Unicode char U+0124 (decimal 292)
   defining Unicode char U+0125 (decimal 293)
   defining Unicode char U+0128 (decimal 296)
   defining Unicode char U+0129 (decimal 297)
   defining Unicode char U+012A (decimal 298)
   defining Unicode char U+012B (decimal 299)
   defining Unicode char U+012C (decimal 300)
   defining Unicode char U+012D (decimal 301)
   defining Unicode char U+012E (decimal 302)
   defining Unicode char U+012F (decimal 303)
   defining Unicode char U+0130 (decimal 304)
   defining Unicode char U+0131 (decimal 305)
   defining Unicode char U+0132 (decimal 306)
   defining Unicode char U+0133 (decimal 307)
   defining Unicode char U+0134 (decimal 308)
   defining Unicode char U+0135 (decimal 309)
   defining Unicode char U+0136 (decimal 310)
   defining Unicode char U+0137 (decimal 311)
   defining Unicode char U+0139 (decimal 313)
   defining Unicode char U+013A (decimal 314)
   defining Unicode char U+013B (decimal 315)
   defining Unicode char U+013C (decimal 316)
   defining Unicode char U+013D (decimal 317)
   defining Unicode char U+013E (decimal 318)
   defining Unicode char U+0141 (decimal 321)
   defining Unicode char U+0142 (decimal 322)
   defining Unicode char U+0143 (decimal 323)
   defining Unicode char U+0144 (decimal 324)
   defining Unicode char U+0145 (decimal 325)
   defining Unicode char U+0146 (decimal 326)
   defining Unicode char U+0147 (decimal 327)
   defining Unicode char U+0148 (decimal 328)
   defining Unicode char U+014A (decimal 330)
   defining Unicode char U+014B (decimal 331)
   defining Unicode char U+014C (decimal 332)
   defining Unicode char U+014D (decimal 333)
   defining Unicode char U+014E (decimal 334)
   defining Unicode char U+014F (decimal 335)
   defining Unicode char U+0150 (decimal 336)
   defining Unicode char U+0151 (decimal 337)
   defining Unicode char U+0152 (decimal 338)
   defining Unicode char U+0153 (decimal 339)
   defining Unicode char U+0154 (decimal 340)
   defining Unicode char U+0155 (decimal 341)
   defining Unicode char U+0156 (decimal 342)
   defining Unicode char U+0157 (decimal 343)
   defining Unicode char U+0158 (decimal 344)
   defining Unicode char U+0159 (decimal 345)
   defining Unicode char U+015A (decimal 346)
   defining Unicode char U+015B (decimal 347)
   defining Unicode char U+015C (decimal 348)
   defining Unicode char U+015D (decimal 349)
   defining Unicode char U+015E (decimal 350)
   defining Unicode char U+015F (decimal 351)
   defining Unicode char U+0160 (decimal 352)
   defining Unicode char U+0161 (decimal 353)
   defining Unicode char U+0162 (decimal 354)
   defining Unicode char U+0163 (decimal 355)
   defining Unicode char U+0164 (decimal 356)
   defining Unicode char U+0165 (decimal 357)
   defining Unicode char U+0168 (decimal 360)
   defining Unicode char U+0169 (decimal 361)
   defining Unicode char U+016A (decimal 362)
   defining Unicode char U+016B (decimal 363)
   defining Unicode char U+016C (decimal 364)
   defining Unicode char U+016D (decimal 365)
   defining Unicode char U+016E (decimal 366)
   defining Unicode char U+016F (decimal 367)
   defining Unicode char U+0170 (decimal 368)
   defining Unicode char U+0171 (decimal 369)
   defining Unicode char U+0172 (decimal 370)
   defining Unicode char U+0173 (decimal 371)
   defining Unicode char U+0174 (decimal 372)
   defining Unicode char U+0175 (decimal 373)
   defining Unicode char U+0176 (decimal 374)
   defining Unicode char U+0177 (decimal 375)
   defining Unicode char U+0178 (decimal 376)
   defining Unicode char U+0179 (decimal 377)
   defining Unicode char U+017A (decimal 378)
   defining Unicode char U+017B (decimal 379)
   defining Unicode char U+017C (decimal 380)
   defining Unicode char U+017D (decimal 381)
   defining Unicode char U+017E (decimal 382)
   defining Unicode char U+01CD (decimal 461)
   defining Unicode char U+01CE (decimal 462)
   defining Unicode char U+01CF (decimal 463)
   defining Unicode char U+01D0 (decimal 464)
   defining Unicode char U+01D1 (decimal 465)
   defining Unicode char U+01D2 (decimal 466)
   defining Unicode char U+01D3 (decimal 467)
   defining Unicode char U+01D4 (decimal 468)
   defining Unicode char U+01E2 (decimal 482)
   defining Unicode char U+01E3 (decimal 483)
   defining Unicode char U+01E6 (decimal 486)
   defining Unicode char U+01E7 (decimal 487)
   defining Unicode char U+01E8 (decimal 488)
   defining Unicode char U+01E9 (decimal 489)
   defining Unicode char U+01EA (decimal 490)
   defining Unicode char U+01EB (decimal 491)
   defining Unicode char U+01F0 (decimal 496)
   defining Unicode char U+01F4 (decimal 500)
   defining Unicode char U+01F5 (decimal 501)
   defining Unicode char U+0218 (decimal 536)
   defining Unicode char U+0219 (decimal 537)
   defining Unicode char U+021A (decimal 538)
   defining Unicode char U+021B (decimal 539)
   defining Unicode char U+0232 (decimal 562)
   defining Unicode char U+0233 (decimal 563)
   defining Unicode char U+1E02 (decimal 7682)
   defining Unicode char U+1E03 (decimal 7683)
   defining Unicode char U+200C (decimal 8204)
   defining Unicode char U+2010 (decimal 8208)
   defining Unicode char U+2011 (decimal 8209)
   defining Unicode char U+2012 (decimal 8210)
   defining Unicode char U+2013 (decimal 8211)
   defining Unicode char U+2014 (decimal 8212)
   defining Unicode char U+2015 (decimal 8213)
   defining Unicode char U+2018 (decimal 8216)
   defining Unicode char U+2019 (decimal 8217)
   defining Unicode char U+201A (decimal 8218)
   defining Unicode char U+201C (decimal 8220)
   defining Unicode char U+201D (decimal 8221)
   defining Unicode char U+201E (decimal 8222)
   defining Unicode char U+2030 (decimal 8240)
   defining Unicode char U+2031 (decimal 8241)
   defining Unicode char U+2039 (decimal 8249)
   defining Unicode char U+203A (decimal 8250)
   defining Unicode char U+2423 (decimal 9251)
   defining Unicode char U+1E20 (decimal 7712)
   defining Unicode char U+1E21 (decimal 7713)
)
Now handling font encoding OT1 ...
... processing UTF-8 mapping file for font encoding OT1

(/usr/share/texlive/texmf-dist/tex/latex/base/ot1enc.dfu
File: ot1enc.dfu 2017/01/28 v1.1t UTF-8 support for inputenc
   defining Unicode char U+00A0 (decimal 160)
   defining Unicode char U+00A1 (decimal 161)
   defining Unicode char U+00A3 (decimal 163)
   defining Unicode char U+00AD (decimal 173)
   defining Unicode char U+00B8 (decimal 184)
   defining Unicode char U+00BF (decimal 191)
   defining Unicode char U+00C5 (decimal 197)
   defining Unicode char U+00C6 (decimal 198)
   defining Unicode char U+00D8 (decimal 216)
   defining Unicode char U+00DF (decimal 223)
   defining Unicode char U+00E6 (decimal 230)
   defining Unicode char U+00EC (decimal 236)
   defining Unicode char U+00ED (decimal 237)
   defining Unicode char U+00EE (decimal 238)
   defining Unicode char U+00EF (decimal 239)
   defining Unicode char U+00F8 (decimal 248)
   defining Unicode char U+0131 (decimal 305)
   defining Unicode char U+0141 (decimal 321)
   defining Unicode char U+0142 (decimal 322)
   defining Unicode char U+0152 (decimal 338)
   defining Unicode char U+0153 (decimal 339)
   defining Unicode char U+0174 (decimal 372)
   defining Unicode char U+0175 (decimal 373)
   defining Unicode char U+0176 (decimal 374)
   defining Unicode char U+0177 (decimal 375)
   defining Unicode char U+0218 (decimal 536)
   defining Unicode char U+0219 (decimal 537)
   defining Unicode char U+021A (decimal 538)
   defining Unicode char U+021B (decimal 539)
   defining Unicode char U+2013 (decimal 8211)
   defining Unicode char U+2014 (decimal 8212)
   defining Unicode char U+2018 (decimal 8216)
   defining Unicode char U+2019 (decimal 8217)
   defining Unicode char U+201C (decimal 8220)
   defining Unicode char U+201D (decimal 8221)
)
Now handling font encoding OMS ...
... processing UTF-8 mapping file for font encoding OMS

(/usr/share/texlive/texmf-dist/tex/latex/base/omsenc.dfu
File: omsenc.dfu 2017/01/28 v1.1t UTF-8 support for inputenc
   defining Unicode char U+00A7 (decimal 167)
   defining Unicode char U+00B6 (decimal 182)
   defining Unicode char U+00B7 (decimal 183)
   defining Unicode char U+2020 (decimal 8224)
   defining Unicode char U+2021 (decimal 8225)
   defining Unicode char U+2022 (decimal 8226)
)
Now handling font encoding OMX ...
... no UTF-8 mapping file for font encoding OMX
Now handling font encoding U ...
... no UTF-8 mapping file for font encoding U
Now handling font encoding PD1 ...
... no UTF-8 mapping file for font encoding PD1
   defining Unicode char U+00A9 (decimal 169)
   defining Unicode char U+00AA (decimal 170)
   defining Unicode char U+00AE (decimal 174)
   defining Unicode char U+00BA (decimal 186)
   defining Unicode char U+02C6 (decimal 710)
   defining Unicode char U+02DC (decimal 732)
   defining Unicode char U+200C (decimal 8204)
   defining Unicode char U+2026 (decimal 8230)
   defining Unicode char U+2122 (decimal 8482)
   defining Unicode char U+2423 (decimal 9251)
))
(/usr/share/texlive/texmf-dist/tex/latex/geometry/geometry.sty
Package: geometry 2010/09/12 v5.6 Page Geometry
\Gm@cnth=\count167
\Gm@cntv=\count168
\c@Gm@tempcnt=\count169
\Gm@bindingoffset=\dimen171
\Gm@wd@mp=\dimen172
\Gm@odd@mp=\dimen173
\Gm@even@mp=\dimen174
\Gm@layoutwidth=\dimen175
\Gm@layoutheight=\dimen176
\Gm@layouthoffset=\dimen177
\Gm@layoutvoffset=\dimen178
\Gm@dimlist=\toks46
)
\c@definition=\count170
\@indexfile=\write6
\openout6 = `ResumenTemario.idx'.


Writing index file ResumenTemario.idx
runsystem(which pygmentize && touch ResumenTemario.aex)...executed.

runsystem(rm ResumenTemario.aex)...executed.

(build/ResumenTemario.aux
LaTeX Info: Redefining \. on input line 24.
LaTeX Info: Redefining \% on input line 24.
LaTeX Info: Redefining \. on input line 28.
LaTeX Info: Redefining \% on input line 28.
)
\openout1 = `ResumenTemario.aux'.

LaTeX Font Info:    Checking defaults for OML/cmm/m/it on input line 57.
LaTeX Font Info:    ... okay on input line 57.
LaTeX Font Info:    Checking defaults for T1/cmr/m/n on input line 57.
LaTeX Font Info:    ... okay on input line 57.
LaTeX Font Info:    Checking defaults for OT1/cmr/m/n on input line 57.
LaTeX Font Info:    ... okay on input line 57.
LaTeX Font Info:    Checking defaults for OMS/cmsy/m/n on input line 57.
LaTeX Font Info:    ... okay on input line 57.
LaTeX Font Info:    Checking defaults for OMX/cmex/m/n on input line 57.
LaTeX Font Info:    ... okay on input line 57.
LaTeX Font Info:    Checking defaults for U/cmr/m/n on input line 57.
LaTeX Font Info:    ... okay on input line 57.
LaTeX Font Info:    Checking defaults for PD1/pdf/m/n on input line 57.
LaTeX Font Info:    ... okay on input line 57.
LaTeX Info: Redefining \. on input line 57.
LaTeX Info: Redefining \% on input line 57.

(/usr/share/texlive/texmf-dist/tex/context/base/mkii/supp-pdf.mkii
[Loading MPS to PDF converter (version 2006.09.02).]
\scratchcounter=\count171
\scratchdimen=\dimen179
\scratchbox=\box67
\nofMPsegments=\count172
\nofMParguments=\count173
\everyMPshowfont=\toks47
\MPscratchCnt=\count174
\MPscratchDim=\dimen180
\MPnumerator=\count175
\makeMPintoPDFobject=\count176
\everyMPtoPDFconversion=\toks48
) (/usr/share/texlive/texmf-dist/tex/latex/oberdiek/epstopdf-base.sty
Package: epstopdf-base 2016/05/15 v2.6 Base part for package epstopdf

(/usr/share/texlive/texmf-dist/tex/latex/oberdiek/grfext.sty
Package: grfext 2016/05/16 v1.2 Manage graphics extensions (HO)
)
Package epstopdf-base Info: Redefining graphics rule for `.eps' on input line 4
38.
Package grfext Info: Graphics extension search list:
(grfext)             [.pdf,.png,.jpg,.mps,.jpeg,.jbig2,.jb2,.PDF,.PNG,.JPG,.JPE
G,.JBIG2,.JB2,.eps]
(grfext)             \AppendGraphicsExtensions on input line 456.

(/usr/share/texlive/texmf-dist/tex/latex/latexconfig/epstopdf-sys.cfg
File: epstopdf-sys.cfg 2010/07/13 v1.3 Configuration of (r)epstopdf for TeX Liv
e
))
Package caption Info: Begin \AtBeginDocument code.
Package caption Info: float package is loaded.
Package caption Info: hyperref package is loaded.
Package caption Info: listings package is loaded.
Package caption Info: End \AtBeginDocument code.
\AtBeginShipoutBox=\box68
Package hyperref Info: Link coloring OFF on input line 57.

(/usr/share/texlive/texmf-dist/tex/latex/hyperref/nameref.sty
Package: nameref 2016/05/21 v2.44 Cross-referencing by name of section

(/usr/share/texlive/texmf-dist/tex/generic/oberdiek/gettitlestring.sty
Package: gettitlestring 2016/05/16 v1.5 Cleanup title references (HO)
)
\c@section@level=\count177
)
LaTeX Info: Redefining \ref on input line 57.
LaTeX Info: Redefining \pageref on input line 57.
LaTeX Info: Redefining \nameref on input line 57.

(build/ResumenTemario.out) (build/ResumenTemario.out)
\@outlinefile=\write7
\openout7 = `ResumenTemario.out'.


(/usr/share/texlive/texmf-dist/tex/latex/base/textcomp.sty
Package: textcomp 2017/04/05 v2.0i Standard LaTeX package
Package textcomp Info: Sub-encoding information:
(textcomp)               5 = only ISO-Adobe without \textcurrency
(textcomp)               4 = 5 + \texteuro
(textcomp)               3 = 4 + \textohm
(textcomp)               2 = 3 + \textestimated + \textcurrency
(textcomp)               1 = TS1 - \textcircled - \t
(textcomp)               0 = TS1 (full)
(textcomp)             Font families with sub-encoding setting implement
(textcomp)             only a restricted character set as indicated.
(textcomp)             Family '?' is the default used for unknown fonts.
(textcomp)             See the documentation for details.
Package textcomp Info: Setting ? sub-encoding to TS1/1 on input line 79.

(/usr/share/texlive/texmf-dist/tex/latex/base/ts1enc.def
File: ts1enc.def 2001/06/05 v3.0e (jk/car/fm) Standard LaTeX file
Now handling font encoding TS1 ...
... processing UTF-8 mapping file for font encoding TS1

(/usr/share/texlive/texmf-dist/tex/latex/base/ts1enc.dfu
File: ts1enc.dfu 2017/01/28 v1.1t UTF-8 support for inputenc
   defining Unicode char U+00A2 (decimal 162)
   defining Unicode char U+00A3 (decimal 163)
   defining Unicode char U+00A4 (decimal 164)
   defining Unicode char U+00A5 (decimal 165)
   defining Unicode char U+00A6 (decimal 166)
   defining Unicode char U+00A7 (decimal 167)
   defining Unicode char U+00A8 (decimal 168)
   defining Unicode char U+00A9 (decimal 169)
   defining Unicode char U+00AA (decimal 170)
   defining Unicode char U+00AC (decimal 172)
   defining Unicode char U+00AE (decimal 174)
   defining Unicode char U+00AF (decimal 175)
   defining Unicode char U+00B0 (decimal 176)
   defining Unicode char U+00B1 (decimal 177)
   defining Unicode char U+00B2 (decimal 178)
   defining Unicode char U+00B3 (decimal 179)
   defining Unicode char U+00B4 (decimal 180)
   defining Unicode char U+00B5 (decimal 181)
   defining Unicode char U+00B6 (decimal 182)
   defining Unicode char U+00B7 (decimal 183)
   defining Unicode char U+00B9 (decimal 185)
   defining Unicode char U+00BA (decimal 186)
   defining Unicode char U+00BC (decimal 188)
   defining Unicode char U+00BD (decimal 189)
   defining Unicode char U+00BE (decimal 190)
   defining Unicode char U+00D7 (decimal 215)
   defining Unicode char U+00F7 (decimal 247)
   defining Unicode char U+0192 (decimal 402)
   defining Unicode char U+02C7 (decimal 711)
   defining Unicode char U+02D8 (decimal 728)
   defining Unicode char U+02DD (decimal 733)
   defining Unicode char U+0E3F (decimal 3647)
   defining Unicode char U+2016 (decimal 8214)
   defining Unicode char U+2020 (decimal 8224)
   defining Unicode char U+2021 (decimal 8225)
   defining Unicode char U+2022 (decimal 8226)
   defining Unicode char U+2030 (decimal 8240)
   defining Unicode char U+2031 (decimal 8241)
   defining Unicode char U+203B (decimal 8251)
   defining Unicode char U+203D (decimal 8253)
   defining Unicode char U+2044 (decimal 8260)
   defining Unicode char U+204E (decimal 8270)
   defining Unicode char U+2052 (decimal 8274)
   defining Unicode char U+20A1 (decimal 8353)
   defining Unicode char U+20A4 (decimal 8356)
   defining Unicode char U+20A6 (decimal 8358)
   defining Unicode char U+20A9 (decimal 8361)
   defining Unicode char U+20AB (decimal 8363)
   defining Unicode char U+20AC (decimal 8364)
   defining Unicode char U+20B1 (decimal 8369)
   defining Unicode char U+2103 (decimal 8451)
   defining Unicode char U+2116 (decimal 8470)
   defining Unicode char U+2117 (decimal 8471)
   defining Unicode char U+211E (decimal 8478)
   defining Unicode char U+2120 (decimal 8480)
   defining Unicode char U+2122 (decimal 8482)
   defining Unicode char U+2126 (decimal 8486)
   defining Unicode char U+2127 (decimal 8487)
   defining Unicode char U+212E (decimal 8494)
   defining Unicode char U+2190 (decimal 8592)
   defining Unicode char U+2191 (decimal 8593)
   defining Unicode char U+2192 (decimal 8594)
   defining Unicode char U+2193 (decimal 8595)
   defining Unicode char U+2329 (decimal 9001)
   defining Unicode char U+232A (decimal 9002)
   defining Unicode char U+2422 (decimal 9250)
   defining Unicode char U+25E6 (decimal 9702)
   defining Unicode char U+25EF (decimal 9711)
   defining Unicode char U+266A (decimal 9834)
))
LaTeX Info: Redefining \oldstylenums on input line 334.
Package textcomp Info: Setting cmr sub-encoding to TS1/0 on input line 349.
Package textcomp Info: Setting cmss sub-encoding to TS1/0 on input line 350.
Package textcomp Info: Setting cmtt sub-encoding to TS1/0 on input line 351.
Package textcomp Info: Setting cmvtt sub-encoding to TS1/0 on input line 352.
Package textcomp Info: Setting cmbr sub-encoding to TS1/0 on input line 353.
Package textcomp Info: Setting cmtl sub-encoding to TS1/0 on input line 354.
Package textcomp Info: Setting ccr sub-encoding to TS1/0 on input line 355.
Package textcomp Info: Setting ptm sub-encoding to TS1/4 on input line 356.
Package textcomp Info: Setting pcr sub-encoding to TS1/4 on input line 357.
Package textcomp Info: Setting phv sub-encoding to TS1/4 on input line 358.
Package textcomp Info: Setting ppl sub-encoding to TS1/3 on input line 359.
Package textcomp Info: Setting pag sub-encoding to TS1/4 on input line 360.
Package textcomp Info: Setting pbk sub-encoding to TS1/4 on input line 361.
Package textcomp Info: Setting pnc sub-encoding to TS1/4 on input line 362.
Package textcomp Info: Setting pzc sub-encoding to TS1/4 on input line 363.
Package textcomp Info: Setting bch sub-encoding to TS1/4 on input line 364.
Package textcomp Info: Setting put sub-encoding to TS1/5 on input line 365.
Package textcomp Info: Setting uag sub-encoding to TS1/5 on input line 366.
Package textcomp Info: Setting ugq sub-encoding to TS1/5 on input line 367.
Package textcomp Info: Setting ul8 sub-encoding to TS1/4 on input line 368.
Package textcomp Info: Setting ul9 sub-encoding to TS1/4 on input line 369.
Package textcomp Info: Setting augie sub-encoding to TS1/5 on input line 370.
Package textcomp Info: Setting dayrom sub-encoding to TS1/3 on input line 371.
Package textcomp Info: Setting dayroms sub-encoding to TS1/3 on input line 372.

Package textcomp Info: Setting pxr sub-encoding to TS1/0 on input line 373.
Package textcomp Info: Setting pxss sub-encoding to TS1/0 on input line 374.
Package textcomp Info: Setting pxtt sub-encoding to TS1/0 on input line 375.
Package textcomp Info: Setting txr sub-encoding to TS1/0 on input line 376.
Package textcomp Info: Setting txss sub-encoding to TS1/0 on input line 377.
Package textcomp Info: Setting txtt sub-encoding to TS1/0 on input line 378.
Package textcomp Info: Setting lmr sub-encoding to TS1/0 on input line 379.
Package textcomp Info: Setting lmdh sub-encoding to TS1/0 on input line 380.
Package textcomp Info: Setting lmss sub-encoding to TS1/0 on input line 381.
Package textcomp Info: Setting lmssq sub-encoding to TS1/0 on input line 382.
Package textcomp Info: Setting lmvtt sub-encoding to TS1/0 on input line 383.
Package textcomp Info: Setting lmtt sub-encoding to TS1/0 on input line 384.
Package textcomp Info: Setting qhv sub-encoding to TS1/0 on input line 385.
Package textcomp Info: Setting qag sub-encoding to TS1/0 on input line 386.
Package textcomp Info: Setting qbk sub-encoding to TS1/0 on input line 387.
Package textcomp Info: Setting qcr sub-encoding to TS1/0 on input line 388.
Package textcomp Info: Setting qcs sub-encoding to TS1/0 on input line 389.
Package textcomp Info: Setting qpl sub-encoding to TS1/0 on input line 390.
Package textcomp Info: Setting qtm sub-encoding to TS1/0 on input line 391.
Package textcomp Info: Setting qzc sub-encoding to TS1/0 on input line 392.
Package textcomp Info: Setting qhvc sub-encoding to TS1/0 on input line 393.
Package textcomp Info: Setting futs sub-encoding to TS1/4 on input line 394.
Package textcomp Info: Setting futx sub-encoding to TS1/4 on input line 395.
Package textcomp Info: Setting futj sub-encoding to TS1/4 on input line 396.
Package textcomp Info: Setting hlh sub-encoding to TS1/3 on input line 397.
Package textcomp Info: Setting hls sub-encoding to TS1/3 on input line 398.
Package textcomp Info: Setting hlst sub-encoding to TS1/3 on input line 399.
Package textcomp Info: Setting hlct sub-encoding to TS1/5 on input line 400.
Package textcomp Info: Setting hlx sub-encoding to TS1/5 on input line 401.
Package textcomp Info: Setting hlce sub-encoding to TS1/5 on input line 402.
Package textcomp Info: Setting hlcn sub-encoding to TS1/5 on input line 403.
Package textcomp Info: Setting hlcw sub-encoding to TS1/5 on input line 404.
Package textcomp Info: Setting hlcf sub-encoding to TS1/5 on input line 405.
Package textcomp Info: Setting pplx sub-encoding to TS1/3 on input line 406.
Package textcomp Info: Setting pplj sub-encoding to TS1/3 on input line 407.
Package textcomp Info: Setting ptmx sub-encoding to TS1/4 on input line 408.
Package textcomp Info: Setting ptmj sub-encoding to TS1/4 on input line 409.
)
\c@lstlisting=\count178

*geometry* driver: auto-detecting
*geometry* detected driver: pdftex
*geometry* verbose mode - [ preamble ] result:
* driver: pdftex
* paper: a4paper
* layout: <same size as paper>
* layoutoffset:(h,v)=(0.0pt,0.0pt)
* modes: 
* h-part:(L,W,R)=(85.35826pt, 455.24411pt, 56.9055pt)
* v-part:(T,H,B)=(71.13188pt, 702.78308pt, 71.13188pt)
* \paperwidth=597.50787pt
* \paperheight=845.04684pt
* \textwidth=455.24411pt
* \textheight=702.78308pt
* \oddsidemargin=13.08827pt
* \evensidemargin=13.08827pt
* \topmargin=-38.1381pt
* \headheight=12.0pt
* \headsep=25.0pt
* \topskip=12.0pt
* \footskip=30.0pt
* \marginparwidth=44.0pt
* \marginparsep=10.0pt
* \columnsep=10.0pt
* \skip\footins=10.8pt plus 4.0pt minus 2.0pt
* \hoffset=0.0pt
* \voffset=0.0pt
* \mag=1000
* \@twocolumnfalse
* \@twosidefalse
* \@mparswitchfalse
* \@reversemarginfalse
* (1in=72.27pt=25.4mm, 1cm=28.453pt)

\centeroffset=\skip66
<./img/logo_ugr.jpg, id=108, 777.90625pt x 231.86626pt>
File: ./img/logo_ugr.jpg Graphic file (type jpg)
<use ./img/logo_ugr.jpg>
Package pdftex.def Info: ./img/logo_ugr.jpg  used on input line 71. on input li
ne 71.
Package pdftex.def Info: Requested size: 409.71692pt x 122.12431pt on input lin
e 71.
LaTeX Font Info:    Try loading font information for U+msa on input line 77.
(/usr/share/texlive/texmf-dist/tex/latex/amsfonts/umsa.fd
File: umsa.fd 2013/01/14 v3.01 AMS symbols A
)
LaTeX Font Info:    Try loading font information for U+msb on input line 77.

(/usr/share/texlive/texmf-dist/tex/latex/amsfonts/umsb.fd
File: umsb.fd 2013/01/14 v3.01 AMS symbols B
)
Overfull \hbox (2.61108pt too wide) in paragraph at lines 67--78
| $[]$ 
 []

<./img/etsiit_logo.png, id=109, 110.814pt x 40.4712pt>
File: ./img/etsiit_logo.png Graphic file (type png)
<use ./img/etsiit_logo.png>
Package pdftex.def Info: ./img/etsiit_logo.png  used on input line 85. on input
 line 85.
Package pdftex.def Info: Requested size: 136.57462pt x 49.87993pt on input line
 85.
<./img/decsai.jpg, id=111, 526.1256pt x 102.3825pt>
File: ./img/decsai.jpg Graphic file (type jpg)
<use ./img/decsai.jpg>
Package pdftex.def Info: ./img/decsai.jpg  used on input line 87. on input line
 87.
Package pdftex.def Info: Requested size: 227.62206pt x 44.29544pt on input line
 87.

Overfull \hbox (2.61108pt too wide) in paragraph at lines 80--93
| $[]$ 
 []

Package babel Info: Redefining spanish shorthand <<
(babel)             in language  on input line 93.
Package babel Info: Redefining spanish shorthand >>
(babel)             in language  on input line 93.
Package babel Info: Redefining spanish shorthand "=
(babel)             in language  on input line 93.
Package babel Info: Redefining spanish shorthand "~
(babel)             in language  on input line 93.
Package babel Info: Redefining spanish shorthand "!
(babel)             in language  on input line 93.
Package babel Info: Redefining spanish shorthand "?
(babel)             in language  on input line 93.
Package babel Info: Redefining spanish shorthand <<
(babel)             in language  on input line 93.
Package babel Info: Redefining spanish shorthand >>
(babel)             in language  on input line 93.
Package babel Info: Redefining spanish shorthand "=
(babel)             in language  on input line 93.
Package babel Info: Redefining spanish shorthand "~
(babel)             in language  on input line 93.
Package babel Info: Redefining spanish shorthand "!
(babel)             in language  on input line 93.
Package babel Info: Redefining spanish shorthand "?
(babel)             in language  on input line 93.
[1

{/var/lib/texmf/fonts/map/pdftex/updmap/pdftex.map} <./img/logo_ugr.jpg> <./img
/etsiit_logo.png> <./img/decsai.jpg>] (build/ResumenTemario.toc
LaTeX Info: Redefining \. on input line 1.
LaTeX Info: Redefining \% on input line 1.
LaTeX Info: Redefining \. on input line 2.
LaTeX Info: Redefining \% on input line 2.
)
\tf@toc=\write8
\openout8 = `ResumenTemario.toc'.

Package babel Info: Redefining spanish shorthand <<
(babel)             in language  on input line 97.
Package babel Info: Redefining spanish shorthand >>
(babel)             in language  on input line 97.
Package babel Info: Redefining spanish shorthand "=
(babel)             in language  on input line 97.
Package babel Info: Redefining spanish shorthand "~
(babel)             in language  on input line 97.
Package babel Info: Redefining spanish shorthand "!
(babel)             in language  on input line 97.
Package babel Info: Redefining spanish shorthand "?
(babel)             in language  on input line 97.
Package babel Info: Redefining spanish shorthand <<
(babel)             in language  on input line 97.
Package babel Info: Redefining spanish shorthand >>
(babel)             in language  on input line 97.
Package babel Info: Redefining spanish shorthand "=
(babel)             in language  on input line 97.
Package babel Info: Redefining spanish shorthand "~
(babel)             in language  on input line 97.
Package babel Info: Redefining spanish shorthand "!
(babel)             in language  on input line 97.
Package babel Info: Redefining spanish shorthand "?
(babel)             in language  on input line 97.
pdfTeX warning (ext4): destination with the same identifier (name{page.1}) has 
been already used, duplicate ignored
<to be read again> 
                   \relax 
l.97 \newpage
              [1] (build/ResumenTemario.lof
LaTeX Info: Redefining \. on input line 1.
LaTeX Info: Redefining \% on input line 1.
LaTeX Info: Redefining \. on input line 2.
LaTeX Info: Redefining \% on input line 2.
)
\tf@lof=\write9
\openout9 = `ResumenTemario.lof'.

Package babel Info: Redefining spanish shorthand <<
(babel)             in language  on input line 100.
Package babel Info: Redefining spanish shorthand >>
(babel)             in language  on input line 100.
Package babel Info: Redefining spanish shorthand "=
(babel)             in language  on input line 100.
Package babel Info: Redefining spanish shorthand "~
(babel)             in language  on input line 100.
Package babel Info: Redefining spanish shorthand "!
(babel)             in language  on input line 100.
Package babel Info: Redefining spanish shorthand "?
(babel)             in language  on input line 100.
Package babel Info: Redefining spanish shorthand <<
(babel)             in language  on input line 100.
Package babel Info: Redefining spanish shorthand >>
(babel)             in language  on input line 100.
Package babel Info: Redefining spanish shorthand "=
(babel)             in language  on input line 100.
Package babel Info: Redefining spanish shorthand "~
(babel)             in language  on input line 100.
Package babel Info: Redefining spanish shorthand "!
(babel)             in language  on input line 100.
Package babel Info: Redefining spanish shorthand "?
(babel)             in language  on input line 100.
 [2]
Package babel Info: Redefining spanish shorthand <<
(babel)             in language  on input line 102.
Package babel Info: Redefining spanish shorthand >>
(babel)             in language  on input line 102.
Package babel Info: Redefining spanish shorthand "=
(babel)             in language  on input line 102.
Package babel Info: Redefining spanish shorthand "~
(babel)             in language  on input line 102.
Package babel Info: Redefining spanish shorthand "!
(babel)             in language  on input line 102.
Package babel Info: Redefining spanish shorthand "?
(babel)             in language  on input line 102.
Package babel Info: Redefining spanish shorthand <<
(babel)             in language  on input line 104.
Package babel Info: Redefining spanish shorthand >>
(babel)             in language  on input line 104.
Package babel Info: Redefining spanish shorthand "=
(babel)             in language  on input line 104.
Package babel Info: Redefining spanish shorthand "~
(babel)             in language  on input line 104.
Package babel Info: Redefining spanish shorthand "!
(babel)             in language  on input line 104.
Package babel Info: Redefining spanish shorthand "?
(babel)             in language  on input line 104.
Package babel Info: Redefining spanish shorthand <<
(babel)             in language  on input line 123.
Package babel Info: Redefining spanish shorthand >>
(babel)             in language  on input line 123.
Package babel Info: Redefining spanish shorthand "=
(babel)             in language  on input line 123.
Package babel Info: Redefining spanish shorthand "~
(babel)             in language  on input line 123.
Package babel Info: Redefining spanish shorthand "!
(babel)             in language  on input line 123.
Package babel Info: Redefining spanish shorthand "?
(babel)             in language  on input line 123.
<./img/turing.png, id=179, 663.47874pt x 505.89pt>
File: ./img/turing.png Graphic file (type png)
<use ./img/turing.png>
Package pdftex.def Info: ./img/turing.png  used on input line 141. on input lin
e 141.
Package pdftex.def Info: Requested size: 265.3868pt x 202.3524pt on input line 
141.
Package babel Info: Redefining spanish shorthand <<
(babel)             in language  on input line 144.
Package babel Info: Redefining spanish shorthand >>
(babel)             in language  on input line 144.
Package babel Info: Redefining spanish shorthand "=
(babel)             in language  on input line 144.
Package babel Info: Redefining spanish shorthand "~
(babel)             in language  on input line 144.
Package babel Info: Redefining spanish shorthand "!
(babel)             in language  on input line 144.
Package babel Info: Redefining spanish shorthand "?
(babel)             in language  on input line 144.
Package babel Info: Redefining spanish shorthand <<
(babel)             in language  on input line 144.
Package babel Info: Redefining spanish shorthand >>
(babel)             in language  on input line 144.
Package babel Info: Redefining spanish shorthand "=
(babel)             in language  on input line 144.
Package babel Info: Redefining spanish shorthand "~
(babel)             in language  on input line 144.
Package babel Info: Redefining spanish shorthand "!
(babel)             in language  on input line 144.
Package babel Info: Redefining spanish shorthand "?
(babel)             in language  on input line 144.
 [3]
Package babel Info: Redefining spanish shorthand <<
(babel)             in language  on input line 144.
Package babel Info: Redefining spanish shorthand >>
(babel)             in language  on input line 144.
Package babel Info: Redefining spanish shorthand "=
(babel)             in language  on input line 144.
Package babel Info: Redefining spanish shorthand "~
(babel)             in language  on input line 144.
Package babel Info: Redefining spanish shorthand "!
(babel)             in language  on input line 144.
Package babel Info: Redefining spanish shorthand "?
(babel)             in language  on input line 144.

Underfull \hbox (badness 10000) in paragraph at lines 145--146

 []

Package babel Info: Redefining spanish shorthand <<
(babel)             in language  on input line 149.
Package babel Info: Redefining spanish shorthand >>
(babel)             in language  on input line 149.
Package babel Info: Redefining spanish shorthand "=
(babel)             in language  on input line 149.
Package babel Info: Redefining spanish shorthand "~
(babel)             in language  on input line 149.
Package babel Info: Redefining spanish shorthand "!
(babel)             in language  on input line 149.
Package babel Info: Redefining spanish shorthand "?
(babel)             in language  on input line 149.

Underfull \hbox (badness 10000) in paragraph at lines 151--152

 []

Package babel Info: Redefining spanish shorthand <<
(babel)             in language  on input line 155.
Package babel Info: Redefining spanish shorthand >>
(babel)             in language  on input line 155.
Package babel Info: Redefining spanish shorthand "=
(babel)             in language  on input line 155.
Package babel Info: Redefining spanish shorthand "~
(babel)             in language  on input line 155.
Package babel Info: Redefining spanish shorthand "!
(babel)             in language  on input line 155.
Package babel Info: Redefining spanish shorthand "?
(babel)             in language  on input line 155.

Underfull \hbox (badness 10000) in paragraph at lines 157--158

 []

Package babel Info: Redefining spanish shorthand <<
(babel)             in language  on input line 161.
Package babel Info: Redefining spanish shorthand >>
(babel)             in language  on input line 161.
Package babel Info: Redefining spanish shorthand "=
(babel)             in language  on input line 161.
Package babel Info: Redefining spanish shorthand "~
(babel)             in language  on input line 161.
Package babel Info: Redefining spanish shorthand "!
(babel)             in language  on input line 161.
Package babel Info: Redefining spanish shorthand "?
(babel)             in language  on input line 161.
Package babel Info: Redefining spanish shorthand <<
(babel)             in language  on input line 164.
Package babel Info: Redefining spanish shorthand >>
(babel)             in language  on input line 164.
Package babel Info: Redefining spanish shorthand "=
(babel)             in language  on input line 164.
Package babel Info: Redefining spanish shorthand "~
(babel)             in language  on input line 164.
Package babel Info: Redefining spanish shorthand "!
(babel)             in language  on input line 164.
Package babel Info: Redefining spanish shorthand "?
(babel)             in language  on input line 164.
Package babel Info: Redefining spanish shorthand <<
(babel)             in language  on input line 164.
Package babel Info: Redefining spanish shorthand >>
(babel)             in language  on input line 164.
Package babel Info: Redefining spanish shorthand "=
(babel)             in language  on input line 164.
Package babel Info: Redefining spanish shorthand "~
(babel)             in language  on input line 164.
Package babel Info: Redefining spanish shorthand "!
(babel)             in language  on input line 164.
Package babel Info: Redefining spanish shorthand "?
(babel)             in language  on input line 164.
[4 <./img/turing.png>]
<./img/agentes.png, id=190, 586.19pt x 362.35374pt>
File: ./img/agentes.png Graphic file (type png)
<use ./img/agentes.png>
Package pdftex.def Info: ./img/agentes.png  used on input line 167. on input li
ne 167.
Package pdftex.def Info: Requested size: 234.47185pt x 144.93892pt on input lin
e 167.

Underfull \hbox (badness 10000) in paragraph at lines 171--172

 []


Underfull \hbox (badness 10000) in paragraph at lines 173--174

 []


Underfull \hbox (badness 10000) in paragraph at lines 175--176

 []

LaTeX Font Info:    Try loading font information for TS1+cmr on input line 182.

(/usr/share/texlive/texmf-dist/tex/latex/base/ts1cmr.fd
File: ts1cmr.fd 2014/09/29 v2.5h Standard LaTeX font definitions
)
Package babel Info: Redefining spanish shorthand <<
(babel)             in language  on input line 185.
Package babel Info: Redefining spanish shorthand >>
(babel)             in language  on input line 185.
Package babel Info: Redefining spanish shorthand "=
(babel)             in language  on input line 185.
Package babel Info: Redefining spanish shorthand "~
(babel)             in language  on input line 185.
Package babel Info: Redefining spanish shorthand "!
(babel)             in language  on input line 185.
Package babel Info: Redefining spanish shorthand "?
(babel)             in language  on input line 185.
Package babel Info: Redefining spanish shorthand <<
(babel)             in language  on input line 185.
Package babel Info: Redefining spanish shorthand >>
(babel)             in language  on input line 185.
Package babel Info: Redefining spanish shorthand "=
(babel)             in language  on input line 185.
Package babel Info: Redefining spanish shorthand "~
(babel)             in language  on input line 185.
Package babel Info: Redefining spanish shorthand "!
(babel)             in language  on input line 185.
Package babel Info: Redefining spanish shorthand "?
(babel)             in language  on input line 185.
 [5 <./img/agentes.png>]
Package babel Info: Redefining spanish shorthand <<
(babel)             in language  on input line 190.
Package babel Info: Redefining spanish shorthand >>
(babel)             in language  on input line 190.
Package babel Info: Redefining spanish shorthand "=
(babel)             in language  on input line 190.
Package babel Info: Redefining spanish shorthand "~
(babel)             in language  on input line 190.
Package babel Info: Redefining spanish shorthand "!
(babel)             in language  on input line 190.
Package babel Info: Redefining spanish shorthand "?
(babel)             in language  on input line 190.

Underfull \hbox (badness 10000) in paragraph at lines 192--193

 []

Package babel Info: Redefining spanish shorthand <<
(babel)             in language  on input line 202.
Package babel Info: Redefining spanish shorthand >>
(babel)             in language  on input line 202.
Package babel Info: Redefining spanish shorthand "=
(babel)             in language  on input line 202.
Package babel Info: Redefining spanish shorthand "~
(babel)             in language  on input line 202.
Package babel Info: Redefining spanish shorthand "!
(babel)             in language  on input line 202.
Package babel Info: Redefining spanish shorthand "?
(babel)             in language  on input line 202.
Package babel Info: Redefining spanish shorthand <<
(babel)             in language  on input line 204.
Package babel Info: Redefining spanish shorthand >>
(babel)             in language  on input line 204.
Package babel Info: Redefining spanish shorthand "=
(babel)             in language  on input line 204.
Package babel Info: Redefining spanish shorthand "~
(babel)             in language  on input line 204.
Package babel Info: Redefining spanish shorthand "!
(babel)             in language  on input line 204.
Package babel Info: Redefining spanish shorthand "?
(babel)             in language  on input line 204.
Package babel Info: Redefining spanish shorthand <<
(babel)             in language  on input line 214.
Package babel Info: Redefining spanish shorthand >>
(babel)             in language  on input line 214.
Package babel Info: Redefining spanish shorthand "=
(babel)             in language  on input line 214.
Package babel Info: Redefining spanish shorthand "~
(babel)             in language  on input line 214.
Package babel Info: Redefining spanish shorthand "!
(babel)             in language  on input line 214.
Package babel Info: Redefining spanish shorthand "?
(babel)             in language  on input line 214.

Underfull \hbox (badness 10000) in paragraph at lines 216--217

 []


Underfull \hbox (badness 10000) in paragraph at lines 218--219

 []

Package babel Info: Redefining spanish shorthand <<
(babel)             in language  on input line 219.
Package babel Info: Redefining spanish shorthand >>
(babel)             in language  on input line 219.
Package babel Info: Redefining spanish shorthand "=
(babel)             in language  on input line 219.
Package babel Info: Redefining spanish shorthand "~
(babel)             in language  on input line 219.
Package babel Info: Redefining spanish shorthand "!
(babel)             in language  on input line 219.
Package babel Info: Redefining spanish shorthand "?
(babel)             in language  on input line 219.
Package babel Info: Redefining spanish shorthand <<
(babel)             in language  on input line 219.
Package babel Info: Redefining spanish shorthand >>
(babel)             in language  on input line 219.
Package babel Info: Redefining spanish shorthand "=
(babel)             in language  on input line 219.
Package babel Info: Redefining spanish shorthand "~
(babel)             in language  on input line 219.
Package babel Info: Redefining spanish shorthand "!
(babel)             in language  on input line 219.
Package babel Info: Redefining spanish shorthand "?
(babel)             in language  on input line 219.
[6]
<./img/flujo_ar.png, id=202, 240.9pt x 327.2225pt>
File: ./img/flujo_ar.png Graphic file (type png)
<use ./img/flujo_ar.png>
Package pdftex.def Info: ./img/flujo_ar.png  used on input line 239. on input l
ine 239.
Package pdftex.def Info: Requested size: 120.44969pt x 163.61084pt on input lin
e 239.
Package babel Info: Redefining spanish shorthand <<
(babel)             in language  on input line 242.
Package babel Info: Redefining spanish shorthand >>
(babel)             in language  on input line 242.
Package babel Info: Redefining spanish shorthand "=
(babel)             in language  on input line 242.
Package babel Info: Redefining spanish shorthand "~
(babel)             in language  on input line 242.
Package babel Info: Redefining spanish shorthand "!
(babel)             in language  on input line 242.
Package babel Info: Redefining spanish shorthand "?
(babel)             in language  on input line 242.
Package babel Info: Redefining spanish shorthand <<
(babel)             in language  on input line 242.
Package babel Info: Redefining spanish shorthand >>
(babel)             in language  on input line 242.
Package babel Info: Redefining spanish shorthand "=
(babel)             in language  on input line 242.
Package babel Info: Redefining spanish shorthand "~
(babel)             in language  on input line 242.
Package babel Info: Redefining spanish shorthand "!
(babel)             in language  on input line 242.
Package babel Info: Redefining spanish shorthand "?
(babel)             in language  on input line 242.
 [7 <./img/flujo_ar.png>]
Underfull \hbox (badness 10000) in paragraph at lines 250--251

 []


Underfull \hbox (badness 10000) in paragraph at lines 256--257

 []

<./img/redes.png, id=213, 552.0625pt x 319.1925pt>
File: ./img/redes.png Graphic file (type png)
<use ./img/redes.png>
Package pdftex.def Info: ./img/redes.png  used on input line 262. on input line
 262.
Package pdftex.def Info: Requested size: 165.62003pt x 95.75848pt on input line
 262.
<./img/subsuncion.png, id=214, 539.01375pt x 279.0425pt>
File: ./img/subsuncion.png Graphic file (type png)
<use ./img/subsuncion.png>
Package pdftex.def Info: ./img/subsuncion.png  used on input line 272. on input
 line 272.
Package pdftex.def Info: Requested size: 161.70537pt x 83.7134pt on input line 
272.

Underfull \hbox (badness 10000) in paragraph at lines 278--279

 []

Package babel Info: Redefining spanish shorthand <<
(babel)             in language  on input line 281.
Package babel Info: Redefining spanish shorthand >>
(babel)             in language  on input line 281.
Package babel Info: Redefining spanish shorthand "=
(babel)             in language  on input line 281.
Package babel Info: Redefining spanish shorthand "~
(babel)             in language  on input line 281.
Package babel Info: Redefining spanish shorthand "!
(babel)             in language  on input line 281.
Package babel Info: Redefining spanish shorthand "?
(babel)             in language  on input line 281.
Package babel Info: Redefining spanish shorthand <<
(babel)             in language  on input line 281.
Package babel Info: Redefining spanish shorthand >>
(babel)             in language  on input line 281.
Package babel Info: Redefining spanish shorthand "=
(babel)             in language  on input line 281.
Package babel Info: Redefining spanish shorthand "~
(babel)             in language  on input line 281.
Package babel Info: Redefining spanish shorthand "!
(babel)             in language  on input line 281.
Package babel Info: Redefining spanish shorthand "?
(babel)             in language  on input line 281.
[8 <./img/redes.png> <./img/subsuncion.png>]
Package babel Info: Redefining spanish shorthand <<
(babel)             in language  on input line 285.
Package babel Info: Redefining spanish shorthand >>
(babel)             in language  on input line 285.
Package babel Info: Redefining spanish shorthand "=
(babel)             in language  on input line 285.
Package babel Info: Redefining spanish shorthand "~
(babel)             in language  on input line 285.
Package babel Info: Redefining spanish shorthand "!
(babel)             in language  on input line 285.
Package babel Info: Redefining spanish shorthand "?
(babel)             in language  on input line 285.
Package babel Info: Redefining spanish shorthand <<
(babel)             in language  on input line 287.
Package babel Info: Redefining spanish shorthand >>
(babel)             in language  on input line 287.
Package babel Info: Redefining spanish shorthand "=
(babel)             in language  on input line 287.
Package babel Info: Redefining spanish shorthand "~
(babel)             in language  on input line 287.
Package babel Info: Redefining spanish shorthand "!
(babel)             in language  on input line 287.
Package babel Info: Redefining spanish shorthand "?
(babel)             in language  on input line 287.
Package babel Info: Redefining spanish shorthand <<
(babel)             in language  on input line 297.
Package babel Info: Redefining spanish shorthand >>
(babel)             in language  on input line 297.
Package babel Info: Redefining spanish shorthand "=
(babel)             in language  on input line 297.
Package babel Info: Redefining spanish shorthand "~
(babel)             in language  on input line 297.
Package babel Info: Redefining spanish shorthand "!
(babel)             in language  on input line 297.
Package babel Info: Redefining spanish shorthand "?
(babel)             in language  on input line 297.

Underfull \hbox (badness 10000) in paragraph at lines 299--301

 []

<./img/grafo_estados.png, id=229, 376.40625pt x 146.5475pt>
File: ./img/grafo_estados.png Graphic file (type png)
<use ./img/grafo_estados.png>
Package pdftex.def Info: ./img/grafo_estados.png  used on input line 306. on in
put line 306.
Package pdftex.def Info: Requested size: 112.92273pt x 43.96457pt on input line
 306.
Package babel Info: Redefining spanish shorthand <<
(babel)             in language  on input line 310.
Package babel Info: Redefining spanish shorthand >>
(babel)             in language  on input line 310.
Package babel Info: Redefining spanish shorthand "=
(babel)             in language  on input line 310.
Package babel Info: Redefining spanish shorthand "~
(babel)             in language  on input line 310.
Package babel Info: Redefining spanish shorthand "!
(babel)             in language  on input line 310.
Package babel Info: Redefining spanish shorthand "?
(babel)             in language  on input line 310.
Package babel Info: Redefining spanish shorthand <<
(babel)             in language  on input line 320.
Package babel Info: Redefining spanish shorthand >>
(babel)             in language  on input line 320.
Package babel Info: Redefining spanish shorthand "=
(babel)             in language  on input line 320.
Package babel Info: Redefining spanish shorthand "~
(babel)             in language  on input line 320.
Package babel Info: Redefining spanish shorthand "!
(babel)             in language  on input line 320.
Package babel Info: Redefining spanish shorthand "?
(babel)             in language  on input line 320.
Package babel Info: Redefining spanish shorthand <<
(babel)             in language  on input line 327.
Package babel Info: Redefining spanish shorthand >>
(babel)             in language  on input line 327.
Package babel Info: Redefining spanish shorthand "=
(babel)             in language  on input line 327.
Package babel Info: Redefining spanish shorthand "~
(babel)             in language  on input line 327.
Package babel Info: Redefining spanish shorthand "!
(babel)             in language  on input line 327.
Package babel Info: Redefining spanish shorthand "?
(babel)             in language  on input line 327.
Package babel Info: Redefining spanish shorthand <<
(babel)             in language  on input line 327.
Package babel Info: Redefining spanish shorthand >>
(babel)             in language  on input line 327.
Package babel Info: Redefining spanish shorthand "=
(babel)             in language  on input line 327.
Package babel Info: Redefining spanish shorthand "~
(babel)             in language  on input line 327.
Package babel Info: Redefining spanish shorthand "!
(babel)             in language  on input line 327.
Package babel Info: Redefining spanish shorthand "?
(babel)             in language  on input line 327.
[9 <./img/grafo_estados.png>]
Package babel Info: Redefining spanish shorthand <<
(babel)             in language  on input line 333.
Package babel Info: Redefining spanish shorthand >>
(babel)             in language  on input line 333.
Package babel Info: Redefining spanish shorthand "=
(babel)             in language  on input line 333.
Package babel Info: Redefining spanish shorthand "~
(babel)             in language  on input line 333.
Package babel Info: Redefining spanish shorthand "!
(babel)             in language  on input line 333.
Package babel Info: Redefining spanish shorthand "?
(babel)             in language  on input line 333.
Package babel Info: Redefining spanish shorthand <<
(babel)             in language  on input line 335.
Package babel Info: Redefining spanish shorthand >>
(babel)             in language  on input line 335.
Package babel Info: Redefining spanish shorthand "=
(babel)             in language  on input line 335.
Package babel Info: Redefining spanish shorthand "~
(babel)             in language  on input line 335.
Package babel Info: Redefining spanish shorthand "!
(babel)             in language  on input line 335.
Package babel Info: Redefining spanish shorthand "?
(babel)             in language  on input line 335.
Package babel Info: Redefining spanish shorthand <<
(babel)             in language  on input line 346.
Package babel Info: Redefining spanish shorthand >>
(babel)             in language  on input line 346.
Package babel Info: Redefining spanish shorthand "=
(babel)             in language  on input line 346.
Package babel Info: Redefining spanish shorthand "~
(babel)             in language  on input line 346.
Package babel Info: Redefining spanish shorthand "!
(babel)             in language  on input line 346.
Package babel Info: Redefining spanish shorthand "?
(babel)             in language  on input line 346.

Underfull \hbox (badness 10000) in paragraph at lines 357--358

 []

Package babel Info: Redefining spanish shorthand <<
(babel)             in language  on input line 375.
Package babel Info: Redefining spanish shorthand >>
(babel)             in language  on input line 375.
Package babel Info: Redefining spanish shorthand "=
(babel)             in language  on input line 375.
Package babel Info: Redefining spanish shorthand "~
(babel)             in language  on input line 375.
Package babel Info: Redefining spanish shorthand "!
(babel)             in language  on input line 375.
Package babel Info: Redefining spanish shorthand "?
(babel)             in language  on input line 375.
Package babel Info: Redefining spanish shorthand <<
(babel)             in language  on input line 375.
Package babel Info: Redefining spanish shorthand >>
(babel)             in language  on input line 375.
Package babel Info: Redefining spanish shorthand "=
(babel)             in language  on input line 375.
Package babel Info: Redefining spanish shorthand "~
(babel)             in language  on input line 375.
Package babel Info: Redefining spanish shorthand "!
(babel)             in language  on input line 375.
Package babel Info: Redefining spanish shorthand "?
(babel)             in language  on input line 375.
[10]
Package babel Info: Redefining spanish shorthand <<
(babel)             in language  on input line 380.
Package babel Info: Redefining spanish shorthand >>
(babel)             in language  on input line 380.
Package babel Info: Redefining spanish shorthand "=
(babel)             in language  on input line 380.
Package babel Info: Redefining spanish shorthand "~
(babel)             in language  on input line 380.
Package babel Info: Redefining spanish shorthand "!
(babel)             in language  on input line 380.
Package babel Info: Redefining spanish shorthand "?
(babel)             in language  on input line 380.
Package babel Info: Redefining spanish shorthand <<
(babel)             in language  on input line 389.
Package babel Info: Redefining spanish shorthand >>
(babel)             in language  on input line 389.
Package babel Info: Redefining spanish shorthand "=
(babel)             in language  on input line 389.
Package babel Info: Redefining spanish shorthand "~
(babel)             in language  on input line 389.
Package babel Info: Redefining spanish shorthand "!
(babel)             in language  on input line 389.
Package babel Info: Redefining spanish shorthand "?
(babel)             in language  on input line 389.
Package babel Info: Redefining spanish shorthand <<
(babel)             in language  on input line 392.
Package babel Info: Redefining spanish shorthand >>
(babel)             in language  on input line 392.
Package babel Info: Redefining spanish shorthand "=
(babel)             in language  on input line 392.
Package babel Info: Redefining spanish shorthand "~
(babel)             in language  on input line 392.
Package babel Info: Redefining spanish shorthand "!
(babel)             in language  on input line 392.
Package babel Info: Redefining spanish shorthand "?
(babel)             in language  on input line 392.
<./img/anchura.png, id=249, 612.2875pt x 154.5775pt>
File: ./img/anchura.png Graphic file (type png)
<use ./img/anchura.png>
Package pdftex.def Info: ./img/anchura.png  used on input line 410. on input li
ne 410.
Package pdftex.def Info: Requested size: 306.143pt x 77.28854pt on input line 4
10.
Package babel Info: Redefining spanish shorthand <<
(babel)             in language  on input line 417.
Package babel Info: Redefining spanish shorthand >>
(babel)             in language  on input line 417.
Package babel Info: Redefining spanish shorthand "=
(babel)             in language  on input line 417.
Package babel Info: Redefining spanish shorthand "~
(babel)             in language  on input line 417.
Package babel Info: Redefining spanish shorthand "!
(babel)             in language  on input line 417.
Package babel Info: Redefining spanish shorthand "?
(babel)             in language  on input line 417.
Package babel Info: Redefining spanish shorthand <<
(babel)             in language  on input line 417.
Package babel Info: Redefining spanish shorthand >>
(babel)             in language  on input line 417.
Package babel Info: Redefining spanish shorthand "=
(babel)             in language  on input line 417.
Package babel Info: Redefining spanish shorthand "~
(babel)             in language  on input line 417.
Package babel Info: Redefining spanish shorthand "!
(babel)             in language  on input line 417.
Package babel Info: Redefining spanish shorthand "?
(babel)             in language  on input line 417.
 [11 <./img/anchura.png>]
Package babel Info: Redefining spanish shorthand <<
(babel)             in language  on input line 422.
Package babel Info: Redefining spanish shorthand >>
(babel)             in language  on input line 422.
Package babel Info: Redefining spanish shorthand "=
(babel)             in language  on input line 422.
Package babel Info: Redefining spanish shorthand "~
(babel)             in language  on input line 422.
Package babel Info: Redefining spanish shorthand "!
(babel)             in language  on input line 422.
Package babel Info: Redefining spanish shorthand "?
(babel)             in language  on input line 422.

Underfull \hbox (badness 10000) in paragraph at lines 424--425

 []


Underfull \hbox (badness 10000) in paragraph at lines 426--427

 []

<./img/profundidad.png, id=270, 377.91188pt x 214.55156pt>
File: ./img/profundidad.png Graphic file (type png)
<use ./img/profundidad.png>
Package pdftex.def Info: ./img/profundidad.png  used on input line 432. on inpu
t line 432.
Package pdftex.def Info: Requested size: 283.43321pt x 160.91327pt on input lin
e 432.
Package babel Info: Redefining spanish shorthand <<
(babel)             in language  on input line 445.
Package babel Info: Redefining spanish shorthand >>
(babel)             in language  on input line 445.
Package babel Info: Redefining spanish shorthand "=
(babel)             in language  on input line 445.
Package babel Info: Redefining spanish shorthand "~
(babel)             in language  on input line 445.
Package babel Info: Redefining spanish shorthand "!
(babel)             in language  on input line 445.
Package babel Info: Redefining spanish shorthand "?
(babel)             in language  on input line 445.
Package babel Info: Redefining spanish shorthand <<
(babel)             in language  on input line 448.
Package babel Info: Redefining spanish shorthand >>
(babel)             in language  on input line 448.
Package babel Info: Redefining spanish shorthand "=
(babel)             in language  on input line 448.
Package babel Info: Redefining spanish shorthand "~
(babel)             in language  on input line 448.
Package babel Info: Redefining spanish shorthand "!
(babel)             in language  on input line 448.
Package babel Info: Redefining spanish shorthand "?
(babel)             in language  on input line 448.
Package babel Info: Redefining spanish shorthand <<
(babel)             in language  on input line 448.
Package babel Info: Redefining spanish shorthand >>
(babel)             in language  on input line 448.
Package babel Info: Redefining spanish shorthand "=
(babel)             in language  on input line 448.
Package babel Info: Redefining spanish shorthand "~
(babel)             in language  on input line 448.
Package babel Info: Redefining spanish shorthand "!
(babel)             in language  on input line 448.
Package babel Info: Redefining spanish shorthand "?
(babel)             in language  on input line 448.
[12 <./img/profundidad.png>]
Package babel Info: Redefining spanish shorthand <<
(babel)             in language  on input line 450.
Package babel Info: Redefining spanish shorthand >>
(babel)             in language  on input line 450.
Package babel Info: Redefining spanish shorthand "=
(babel)             in language  on input line 450.
Package babel Info: Redefining spanish shorthand "~
(babel)             in language  on input line 450.
Package babel Info: Redefining spanish shorthand "!
(babel)             in language  on input line 450.
Package babel Info: Redefining spanish shorthand "?
(babel)             in language  on input line 450.
<./img/descenso_iterativo.png, id=279, 546.04pt x 213.79875pt>
File: ./img/descenso_iterativo.png Graphic file (type png)
<use ./img/descenso_iterativo.png>
Package pdftex.def Info: ./img/descenso_iterativo.png  used on input line 456. 
on input line 456.
Package pdftex.def Info: Requested size: 354.9218pt x 138.96753pt on input line
 456.
Package babel Info: Redefining spanish shorthand <<
(babel)             in language  on input line 460.
Package babel Info: Redefining spanish shorthand >>
(babel)             in language  on input line 460.
Package babel Info: Redefining spanish shorthand "=
(babel)             in language  on input line 460.
Package babel Info: Redefining spanish shorthand "~
(babel)             in language  on input line 460.
Package babel Info: Redefining spanish shorthand "!
(babel)             in language  on input line 460.
Package babel Info: Redefining spanish shorthand "?
(babel)             in language  on input line 460.
<./img/bidireccional.png, id=280, 567.11874pt x 296.10625pt>
File: ./img/bidireccional.png Graphic file (type png)
<use ./img/bidireccional.png>
Package pdftex.def Info: ./img/bidireccional.png  used on input line 466. on in
put line 466.
Package pdftex.def Info: Requested size: 283.55867pt x 148.05275pt on input lin
e 466.
Package atveryend Info: Empty hook `BeforeClearDocument' on input line 470.
Package babel Info: Redefining spanish shorthand <<
(babel)             in language  on input line 470.
Package babel Info: Redefining spanish shorthand >>
(babel)             in language  on input line 470.
Package babel Info: Redefining spanish shorthand "=
(babel)             in language  on input line 470.
Package babel Info: Redefining spanish shorthand "~
(babel)             in language  on input line 470.
Package babel Info: Redefining spanish shorthand "!
(babel)             in language  on input line 470.
Package babel Info: Redefining spanish shorthand "?
(babel)             in language  on input line 470.
Package babel Info: Redefining spanish shorthand <<
(babel)             in language  on input line 470.
Package babel Info: Redefining spanish shorthand >>
(babel)             in language  on input line 470.
Package babel Info: Redefining spanish shorthand "=
(babel)             in language  on input line 470.
Package babel Info: Redefining spanish shorthand "~
(babel)             in language  on input line 470.
Package babel Info: Redefining spanish shorthand "!
(babel)             in language  on input line 470.
Package babel Info: Redefining spanish shorthand "?
(babel)             in language  on input line 470.
 [13 <./img/descenso_iterativo.png> <./img/bidireccional.png>]
Package atveryend Info: Empty hook `AfterLastShipout' on input line 470.
 (build/ResumenTemario.aux
LaTeX Info: Redefining \. on input line 24.
LaTeX Info: Redefining \% on input line 24.
LaTeX Info: Redefining \. on input line 28.
LaTeX Info: Redefining \% on input line 28.
)
Package atveryend Info: Executing hook `AtVeryEndDocument' on input line 470.
Package atveryend Info: Executing hook `AtEndAfterFileList' on input line 470.
Package rerunfilecheck Info: File `ResumenTemario.out' has not changed.
(rerunfilecheck)             Checksum: <no file>.
Package atveryend Info: Empty hook `AtVeryVeryEnd' on input line 470.
 ) 
Here is how much of TeX's memory you used:
 15185 strings out of 494828
 239436 string characters out of 6177898
 388917 words of memory out of 5000000
 18108 multiletter control sequences out of 15000+600000
 12008 words of font info for 44 fonts, out of 8000000 for 9000
 62 hyphenation exceptions out of 8191
 42i,14n,77p,963b,496s stack positions out of 5000i,500n,10000p,200000b,80000s
 </home/csp98/.texlive2017/texmf-var/fonts/pk/ljfour/jknappen/ec/tcrm1200.600
pk></usr/share/texlive/texmf-dist/fonts/type1/public/amsfonts/cm/cmbx12.pfb></u
sr/share/texlive/texmf-dist/fonts/type1/public/amsfonts/cm/cmcsc10.pfb></usr/sh
are/texlive/texmf-dist/fonts/type1/public/amsfonts/cm/cmmi12.pfb></usr/share/te
xlive/texmf-dist/fonts/type1/public/amsfonts/cm/cmmi8.pfb></usr/share/texlive/t
exmf-dist/fonts/type1/public/amsfonts/cm/cmr12.pfb></usr/share/texlive/texmf-di
st/fonts/type1/public/amsfonts/cm/cmsy10.pfb></usr/share/texlive/texmf-dist/fon
ts/type1/public/amsfonts/cm/cmsy8.pfb></usr/share/texlive/texmf-dist/fonts/type
1/public/amsfonts/cm/cmti12.pfb>
Output written on build/ResumenTemario.pdf (14 pages, 714533 bytes).
PDF statistics:
 340 PDF objects out of 1000 (max. 8388607)
 288 compressed objects within 3 object streams
 89 named destinations out of 1000 (max. 500000)
 274 words of extra memory for PDF output out of 10000 (max. 10000000)

